<?xml version="1.0" encoding="UTF-8"?>
<testsuite name="kafka.server.ReplicaFetchTest" tests="1" skipped="0" failures="0" errors="0" timestamp="2015-03-27T21:44:44" hostname="airbears2-10-142-35-31.AirBears2.1918.Berkeley.EDU" time="1.855">
  <properties/>
  <testcase name="testReplicaFetcherThread" classname="kafka.server.ReplicaFetchTest" time="1.855"/>
  <system-out><![CDATA[]]></system-out>
  <system-err><![CDATA[]]></system-err>
</testsuite>
