<?xml version="1.0" encoding="UTF-8"?>
<testsuite name="kafka.consumer.ConsumerIteratorTest" tests="2" skipped="0" failures="0" errors="0" timestamp="2015-03-27T21:40:15" hostname="airbears2-10-142-35-31.AirBears2.1918.Berkeley.EDU" time="2.288">
  <properties/>
  <testcase name="testConsumerIteratorDeduplicationDeepIterator" classname="kafka.consumer.ConsumerIteratorTest" time="1.046"/>
  <testcase name="testConsumerIteratorDecodingFailure" classname="kafka.consumer.ConsumerIteratorTest" time="1.241"/>
  <system-out><![CDATA[]]></system-out>
  <system-err><![CDATA[]]></system-err>
</testsuite>
