<?xml version="1.0" encoding="UTF-8"?>
<testsuite name="kafka.utils.IteratorTemplateTest" tests="1" skipped="0" failures="0" errors="0" timestamp="2015-03-27T21:45:02" hostname="airbears2-10-142-35-31.AirBears2.1918.Berkeley.EDU" time="0.002">
  <properties/>
  <testcase name="testIterator" classname="kafka.utils.IteratorTemplateTest" time="0.002"/>
  <system-out><![CDATA[]]></system-out>
  <system-err><![CDATA[]]></system-err>
</testsuite>
