<?xml version="1.0" encoding="UTF-8"?>
<testsuite name="kafka.log.LogConfigTest" tests="4" skipped="0" failures="0" errors="0" timestamp="2015-03-27T21:43:01" hostname="airbears2-10-142-35-31.AirBears2.1918.Berkeley.EDU" time="0.004">
  <properties/>
  <testcase name="testFromPropsInvalid" classname="kafka.log.LogConfigTest" time="0.002"/>
  <testcase name="testFromPropsEmpty" classname="kafka.log.LogConfigTest" time="0.0"/>
  <testcase name="testFromPropsToProps" classname="kafka.log.LogConfigTest" time="0.001"/>
  <testcase name="testFromPropsDefaults" classname="kafka.log.LogConfigTest" time="0.001"/>
  <system-out><![CDATA[]]></system-out>
  <system-err><![CDATA[]]></system-err>
</testsuite>
