<?xml version="1.0" encoding="UTF-8"?>
<testsuite name="kafka.server.IsrExpirationTest" tests="2" skipped="0" failures="0" errors="0" timestamp="2015-03-27T21:43:58" hostname="airbears2-10-142-35-31.AirBears2.1918.Berkeley.EDU" time="0.817">
  <properties/>
  <testcase name="testIsrExpirationForSlowFollowers" classname="kafka.server.IsrExpirationTest" time="0.409"/>
  <testcase name="testIsrExpirationForStuckFollowers" classname="kafka.server.IsrExpirationTest" time="0.408"/>
  <system-out><![CDATA[]]></system-out>
  <system-err><![CDATA[]]></system-err>
</testsuite>
