<?xml version="1.0" encoding="UTF-8"?>
<testsuite name="kafka.utils.UtilsTest" tests="10" skipped="0" failures="0" errors="0" timestamp="2015-03-27T21:45:02" hostname="airbears2-10-142-35-31.AirBears2.1918.Berkeley.EDU" time="0.016">
  <properties/>
  <testcase name="testDoublyLinkedList" classname="kafka.utils.UtilsTest" time="0.004"/>
  <testcase name="testCsvMap" classname="kafka.utils.UtilsTest" time="0.002"/>
  <testcase name="testInLock" classname="kafka.utils.UtilsTest" time="0.001"/>
  <testcase name="testReadBytes" classname="kafka.utils.UtilsTest" time="0.001"/>
  <testcase name="testAbs" classname="kafka.utils.UtilsTest" time="0.0"/>
  <testcase name="testReplaceSuffix" classname="kafka.utils.UtilsTest" time="0.0"/>
  <testcase name="testSwallow" classname="kafka.utils.UtilsTest" time="0.001"/>
  <testcase name="testCircularIterator" classname="kafka.utils.UtilsTest" time="0.004"/>
  <testcase name="testReadInt" classname="kafka.utils.UtilsTest" time="0.001"/>
  <testcase name="testCsvList" classname="kafka.utils.UtilsTest" time="0.0"/>
  <system-out><![CDATA[]]></system-out>
  <system-err><![CDATA[]]></system-err>
</testsuite>
