<?xml version="1.0" encoding="UTF-8"?>
<testsuite name="kafka.integration.RollingBounceTest" tests="1" skipped="0" failures="0" errors="0" timestamp="2015-03-27T21:41:13" hostname="airbears2-10-142-35-31.AirBears2.1918.Berkeley.EDU" time="48.371">
  <properties/>
  <testcase name="testRollingBounce" classname="kafka.integration.RollingBounceTest" time="48.371"/>
  <system-out><![CDATA[[2015-03-27 14:41:20,290] ERROR [ReplicaFetcherThread-0-0], Error for partition [new-topic4,0] to broker 0:class kafka.common.NotLeaderForPartitionException (kafka.server.ReplicaFetcherThread:97)
[2015-03-27 14:41:20,291] ERROR [ReplicaFetcherThread-0-0], Error for partition [new-topic4,0] to broker 0:class kafka.common.NotLeaderForPartitionException (kafka.server.ReplicaFetcherThread:97)
[2015-03-27 14:41:20,291] ERROR [ReplicaFetcherThread-0-0], Error for partition [new-topic4,0] to broker 0:class kafka.common.NotLeaderForPartitionException (kafka.server.ReplicaFetcherThread:97)
[2015-03-27 14:41:20,292] ERROR [ReplicaFetcherThread-0-0], Error for partition [new-topic4,0] to broker 0:class kafka.common.NotLeaderForPartitionException (kafka.server.ReplicaFetcherThread:97)
[2015-03-27 14:41:20,292] ERROR [ReplicaFetcherThread-0-0], Error for partition [new-topic4,0] to broker 0:class kafka.common.NotLeaderForPartitionException (kafka.server.ReplicaFetcherThread:97)
[2015-03-27 14:41:20,293] ERROR [ReplicaFetcherThread-0-0], Error for partition [new-topic4,0] to broker 0:class kafka.common.NotLeaderForPartitionException (kafka.server.ReplicaFetcherThread:97)
[2015-03-27 14:41:20,293] ERROR [ReplicaFetcherThread-0-0], Error for partition [new-topic4,0] to broker 0:class kafka.common.NotLeaderForPartitionException (kafka.server.ReplicaFetcherThread:97)
[2015-03-27 14:41:20,294] ERROR [ReplicaFetcherThread-0-0], Error for partition [new-topic4,0] to broker 0:class kafka.common.NotLeaderForPartitionException (kafka.server.ReplicaFetcherThread:97)
[2015-03-27 14:41:20,294] ERROR [ReplicaFetcherThread-0-0], Error for partition [new-topic4,0] to broker 0:class kafka.common.NotLeaderForPartitionException (kafka.server.ReplicaFetcherThread:97)
[2015-03-27 14:41:20,294] ERROR [ReplicaFetcherThread-0-0], Error for partition [new-topic4,0] to broker 0:class kafka.common.NotLeaderForPartitionException (kafka.server.ReplicaFetcherThread:97)
[2015-03-27 14:41:20,295] ERROR [ReplicaFetcherThread-0-0], Error for partition [new-topic4,0] to broker 0:class kafka.common.NotLeaderForPartitionException (kafka.server.ReplicaFetcherThread:97)
[2015-03-27 14:41:20,295] ERROR [ReplicaFetcherThread-0-0], Error for partition [new-topic4,0] to broker 0:class kafka.common.NotLeaderForPartitionException (kafka.server.ReplicaFetcherThread:97)
[2015-03-27 14:41:20,296] ERROR [ReplicaFetcherThread-0-0], Error for partition [new-topic4,0] to broker 0:class kafka.common.NotLeaderForPartitionException (kafka.server.ReplicaFetcherThread:97)
[2015-03-27 14:41:20,296] ERROR [ReplicaFetcherThread-0-0], Error for partition [new-topic4,0] to broker 0:class kafka.common.NotLeaderForPartitionException (kafka.server.ReplicaFetcherThread:97)
[2015-03-27 14:41:20,297] ERROR [ReplicaFetcherThread-0-0], Error for partition [new-topic4,0] to broker 0:class kafka.common.NotLeaderForPartitionException (kafka.server.ReplicaFetcherThread:97)
[2015-03-27 14:41:20,297] ERROR [ReplicaFetcherThread-0-0], Error for partition [new-topic4,0] to broker 0:class kafka.common.NotLeaderForPartitionException (kafka.server.ReplicaFetcherThread:97)
[2015-03-27 14:41:20,298] ERROR [ReplicaFetcherThread-0-0], Error for partition [new-topic4,0] to broker 0:class kafka.common.NotLeaderForPartitionException (kafka.server.ReplicaFetcherThread:97)
[2015-03-27 14:41:20,298] ERROR [ReplicaFetcherThread-0-0], Error for partition [new-topic4,0] to broker 0:class kafka.common.NotLeaderForPartitionException (kafka.server.ReplicaFetcherThread:97)
[2015-03-27 14:41:20,298] ERROR [ReplicaFetcherThread-0-0], Error for partition [new-topic4,0] to broker 0:class kafka.common.NotLeaderForPartitionException (kafka.server.ReplicaFetcherThread:97)
[2015-03-27 14:41:20,299] ERROR [ReplicaFetcherThread-0-0], Error for partition [new-topic4,0] to broker 0:class kafka.common.NotLeaderForPartitionException (kafka.server.ReplicaFetcherThread:97)
[2015-03-27 14:41:20,299] ERROR [ReplicaFetcherThread-0-0], Error for partition [new-topic4,0] to broker 0:class kafka.common.NotLeaderForPartitionException (kafka.server.ReplicaFetcherThread:97)
[2015-03-27 14:41:20,299] ERROR [ReplicaFetcherThread-0-0], Error for partition [new-topic4,0] to broker 0:class kafka.common.NotLeaderForPartitionException (kafka.server.ReplicaFetcherThread:97)
[2015-03-27 14:41:20,300] ERROR [ReplicaFetcherThread-0-0], Error for partition [new-topic4,0] to broker 0:class kafka.common.NotLeaderForPartitionException (kafka.server.ReplicaFetcherThread:97)
[2015-03-27 14:41:20,300] ERROR [ReplicaFetcherThread-0-0], Error for partition [new-topic4,0] to broker 0:class kafka.common.NotLeaderForPartitionException (kafka.server.ReplicaFetcherThread:97)
[2015-03-27 14:41:20,300] ERROR [ReplicaFetcherThread-0-0], Error for partition [new-topic4,0] to broker 0:class kafka.common.NotLeaderForPartitionException (kafka.server.ReplicaFetcherThread:97)
[2015-03-27 14:41:20,301] ERROR [ReplicaFetcherThread-0-0], Error for partition [new-topic4,0] to broker 0:class kafka.common.NotLeaderForPartitionException (kafka.server.ReplicaFetcherThread:97)
[2015-03-27 14:41:20,301] ERROR [ReplicaFetcherThread-0-0], Error for partition [new-topic4,0] to broker 0:class kafka.common.NotLeaderForPartitionException (kafka.server.ReplicaFetcherThread:97)
[2015-03-27 14:41:20,301] ERROR [ReplicaFetcherThread-0-0], Error for partition [new-topic4,0] to broker 0:class kafka.common.NotLeaderForPartitionException (kafka.server.ReplicaFetcherThread:97)
[2015-03-27 14:41:20,302] ERROR [ReplicaFetcherThread-0-0], Error for partition [new-topic4,0] to broker 0:class kafka.common.NotLeaderForPartitionException (kafka.server.ReplicaFetcherThread:97)
[2015-03-27 14:41:20,302] ERROR [ReplicaFetcherThread-0-0], Error for partition [new-topic4,0] to broker 0:class kafka.common.NotLeaderForPartitionException (kafka.server.ReplicaFetcherThread:97)
[2015-03-27 14:41:20,303] ERROR [ReplicaFetcherThread-0-0], Error for partition [new-topic4,0] to broker 0:class kafka.common.NotLeaderForPartitionException (kafka.server.ReplicaFetcherThread:97)
[2015-03-27 14:41:20,303] ERROR [ReplicaFetcherThread-0-0], Error for partition [new-topic4,0] to broker 0:class kafka.common.NotLeaderForPartitionException (kafka.server.ReplicaFetcherThread:97)
[2015-03-27 14:41:20,303] ERROR [ReplicaFetcherThread-0-0], Error for partition [new-topic4,0] to broker 0:class kafka.common.NotLeaderForPartitionException (kafka.server.ReplicaFetcherThread:97)
[2015-03-27 14:41:20,304] ERROR [ReplicaFetcherThread-0-0], Error for partition [new-topic4,0] to broker 0:class kafka.common.NotLeaderForPartitionException (kafka.server.ReplicaFetcherThread:97)
[2015-03-27 14:41:20,304] ERROR [ReplicaFetcherThread-0-0], Error for partition [new-topic4,0] to broker 0:class kafka.common.NotLeaderForPartitionException (kafka.server.ReplicaFetcherThread:97)
[2015-03-27 14:41:20,304] ERROR [ReplicaFetcherThread-0-0], Error for partition [new-topic4,0] to broker 0:class kafka.common.NotLeaderForPartitionException (kafka.server.ReplicaFetcherThread:97)
[2015-03-27 14:41:20,305] ERROR [ReplicaFetcherThread-0-0], Error for partition [new-topic4,0] to broker 0:class kafka.common.NotLeaderForPartitionException (kafka.server.ReplicaFetcherThread:97)
[2015-03-27 14:41:20,305] ERROR [ReplicaFetcherThread-0-0], Error for partition [new-topic4,0] to broker 0:class kafka.common.NotLeaderForPartitionException (kafka.server.ReplicaFetcherThread:97)
[2015-03-27 14:41:20,306] ERROR [ReplicaFetcherThread-0-0], Error for partition [new-topic4,0] to broker 0:class kafka.common.NotLeaderForPartitionException (kafka.server.ReplicaFetcherThread:97)
[2015-03-27 14:41:20,306] ERROR [ReplicaFetcherThread-0-0], Error for partition [new-topic4,0] to broker 0:class kafka.common.NotLeaderForPartitionException (kafka.server.ReplicaFetcherThread:97)
[2015-03-27 14:41:20,306] ERROR [ReplicaFetcherThread-0-0], Error for partition [new-topic4,0] to broker 0:class kafka.common.NotLeaderForPartitionException (kafka.server.ReplicaFetcherThread:97)
[2015-03-27 14:41:20,307] ERROR [ReplicaFetcherThread-0-0], Error for partition [new-topic4,0] to broker 0:class kafka.common.NotLeaderForPartitionException (kafka.server.ReplicaFetcherThread:97)
[2015-03-27 14:41:20,307] ERROR [ReplicaFetcherThread-0-0], Error for partition [new-topic4,0] to broker 0:class kafka.common.NotLeaderForPartitionException (kafka.server.ReplicaFetcherThread:97)
[2015-03-27 14:41:20,307] ERROR [ReplicaFetcherThread-0-0], Error for partition [new-topic4,0] to broker 0:class kafka.common.NotLeaderForPartitionException (kafka.server.ReplicaFetcherThread:97)
[2015-03-27 14:41:20,308] ERROR [ReplicaFetcherThread-0-0], Error for partition [new-topic4,0] to broker 0:class kafka.common.NotLeaderForPartitionException (kafka.server.ReplicaFetcherThread:97)
[2015-03-27 14:41:20,308] ERROR [ReplicaFetcherThread-0-0], Error for partition [new-topic4,0] to broker 0:class kafka.common.NotLeaderForPartitionException (kafka.server.ReplicaFetcherThread:97)
[2015-03-27 14:41:20,308] ERROR [ReplicaFetcherThread-0-0], Error for partition [new-topic4,0] to broker 0:class kafka.common.NotLeaderForPartitionException (kafka.server.ReplicaFetcherThread:97)
[2015-03-27 14:41:20,309] ERROR [ReplicaFetcherThread-0-0], Error for partition [new-topic4,0] to broker 0:class kafka.common.NotLeaderForPartitionException (kafka.server.ReplicaFetcherThread:97)
[2015-03-27 14:41:20,309] ERROR [ReplicaFetcherThread-0-0], Error for partition [new-topic4,0] to broker 0:class kafka.common.NotLeaderForPartitionException (kafka.server.ReplicaFetcherThread:97)
[2015-03-27 14:41:20,310] ERROR [ReplicaFetcherThread-0-0], Error for partition [new-topic4,0] to broker 0:class kafka.common.NotLeaderForPartitionException (kafka.server.ReplicaFetcherThread:97)
[2015-03-27 14:41:20,310] ERROR [ReplicaFetcherThread-0-0], Error for partition [new-topic4,0] to broker 0:class kafka.common.NotLeaderForPartitionException (kafka.server.ReplicaFetcherThread:97)
[2015-03-27 14:41:20,310] ERROR [ReplicaFetcherThread-0-0], Error for partition [new-topic4,0] to broker 0:class kafka.common.NotLeaderForPartitionException (kafka.server.ReplicaFetcherThread:97)
[2015-03-27 14:41:20,311] ERROR [ReplicaFetcherThread-0-0], Error for partition [new-topic4,0] to broker 0:class kafka.common.NotLeaderForPartitionException (kafka.server.ReplicaFetcherThread:97)
[2015-03-27 14:41:20,311] ERROR [ReplicaFetcherThread-0-0], Error for partition [new-topic4,0] to broker 0:class kafka.common.NotLeaderForPartitionException (kafka.server.ReplicaFetcherThread:97)
[2015-03-27 14:41:20,311] ERROR [ReplicaFetcherThread-0-0], Error for partition [new-topic4,0] to broker 0:class kafka.common.NotLeaderForPartitionException (kafka.server.ReplicaFetcherThread:97)
[2015-03-27 14:41:20,312] ERROR [ReplicaFetcherThread-0-0], Error for partition [new-topic4,0] to broker 0:class kafka.common.NotLeaderForPartitionException (kafka.server.ReplicaFetcherThread:97)
[2015-03-27 14:41:20,312] ERROR [ReplicaFetcherThread-0-0], Error for partition [new-topic4,0] to broker 0:class kafka.common.NotLeaderForPartitionException (kafka.server.ReplicaFetcherThread:97)
[2015-03-27 14:41:20,313] ERROR [ReplicaFetcherThread-0-0], Error for partition [new-topic4,0] to broker 0:class kafka.common.NotLeaderForPartitionException (kafka.server.ReplicaFetcherThread:97)
[2015-03-27 14:41:20,313] ERROR [ReplicaFetcherThread-0-0], Error for partition [new-topic4,0] to broker 0:class kafka.common.NotLeaderForPartitionException (kafka.server.ReplicaFetcherThread:97)
[2015-03-27 14:41:20,313] ERROR [ReplicaFetcherThread-0-0], Error for partition [new-topic4,0] to broker 0:class kafka.common.NotLeaderForPartitionException (kafka.server.ReplicaFetcherThread:97)
[2015-03-27 14:41:20,314] ERROR [ReplicaFetcherThread-0-0], Error for partition [new-topic4,0] to broker 0:class kafka.common.NotLeaderForPartitionException (kafka.server.ReplicaFetcherThread:97)
[2015-03-27 14:41:20,314] ERROR [ReplicaFetcherThread-0-0], Error for partition [new-topic4,0] to broker 0:class kafka.common.NotLeaderForPartitionException (kafka.server.ReplicaFetcherThread:97)
[2015-03-27 14:41:20,314] ERROR [ReplicaFetcherThread-0-0], Error for partition [new-topic4,0] to broker 0:class kafka.common.NotLeaderForPartitionException (kafka.server.ReplicaFetcherThread:97)
[2015-03-27 14:41:20,315] ERROR [ReplicaFetcherThread-0-0], Error for partition [new-topic4,0] to broker 0:class kafka.common.NotLeaderForPartitionException (kafka.server.ReplicaFetcherThread:97)
[2015-03-27 14:41:20,315] ERROR [ReplicaFetcherThread-0-0], Error for partition [new-topic4,0] to broker 0:class kafka.common.NotLeaderForPartitionException (kafka.server.ReplicaFetcherThread:97)
[2015-03-27 14:41:20,315] ERROR [ReplicaFetcherThread-0-0], Error for partition [new-topic4,0] to broker 0:class kafka.common.NotLeaderForPartitionException (kafka.server.ReplicaFetcherThread:97)
[2015-03-27 14:41:20,316] ERROR [ReplicaFetcherThread-0-0], Error for partition [new-topic4,0] to broker 0:class kafka.common.NotLeaderForPartitionException (kafka.server.ReplicaFetcherThread:97)
[2015-03-27 14:41:20,316] ERROR [ReplicaFetcherThread-0-0], Error for partition [new-topic4,0] to broker 0:class kafka.common.NotLeaderForPartitionException (kafka.server.ReplicaFetcherThread:97)
[2015-03-27 14:41:20,317] ERROR [ReplicaFetcherThread-0-0], Error for partition [new-topic4,0] to broker 0:class kafka.common.NotLeaderForPartitionException (kafka.server.ReplicaFetcherThread:97)
[2015-03-27 14:41:20,317] ERROR [ReplicaFetcherThread-0-0], Error for partition [new-topic4,0] to broker 0:class kafka.common.NotLeaderForPartitionException (kafka.server.ReplicaFetcherThread:97)
[2015-03-27 14:41:20,317] ERROR [ReplicaFetcherThread-0-0], Error for partition [new-topic4,0] to broker 0:class kafka.common.NotLeaderForPartitionException (kafka.server.ReplicaFetcherThread:97)
[2015-03-27 14:41:20,318] ERROR [ReplicaFetcherThread-0-0], Error for partition [new-topic4,0] to broker 0:class kafka.common.NotLeaderForPartitionException (kafka.server.ReplicaFetcherThread:97)
[2015-03-27 14:41:20,318] ERROR [ReplicaFetcherThread-0-0], Error for partition [new-topic4,0] to broker 0:class kafka.common.NotLeaderForPartitionException (kafka.server.ReplicaFetcherThread:97)
[2015-03-27 14:41:20,318] ERROR [ReplicaFetcherThread-0-0], Error for partition [new-topic4,0] to broker 0:class kafka.common.NotLeaderForPartitionException (kafka.server.ReplicaFetcherThread:97)
[2015-03-27 14:41:20,319] ERROR [ReplicaFetcherThread-0-0], Error for partition [new-topic4,0] to broker 0:class kafka.common.NotLeaderForPartitionException (kafka.server.ReplicaFetcherThread:97)
[2015-03-27 14:41:20,319] ERROR [ReplicaFetcherThread-0-0], Error for partition [new-topic4,0] to broker 0:class kafka.common.NotLeaderForPartitionException (kafka.server.ReplicaFetcherThread:97)
[2015-03-27 14:41:20,320] ERROR [ReplicaFetcherThread-0-0], Error for partition [new-topic4,0] to broker 0:class kafka.common.NotLeaderForPartitionException (kafka.server.ReplicaFetcherThread:97)
[2015-03-27 14:41:20,320] ERROR [ReplicaFetcherThread-0-0], Error for partition [new-topic4,0] to broker 0:class kafka.common.NotLeaderForPartitionException (kafka.server.ReplicaFetcherThread:97)
[2015-03-27 14:41:20,320] ERROR [ReplicaFetcherThread-0-0], Error for partition [new-topic4,0] to broker 0:class kafka.common.NotLeaderForPartitionException (kafka.server.ReplicaFetcherThread:97)
[2015-03-27 14:41:20,321] ERROR [ReplicaFetcherThread-0-0], Error for partition [new-topic4,0] to broker 0:class kafka.common.NotLeaderForPartitionException (kafka.server.ReplicaFetcherThread:97)
[2015-03-27 14:41:20,321] ERROR [ReplicaFetcherThread-0-0], Error for partition [new-topic4,0] to broker 0:class kafka.common.NotLeaderForPartitionException (kafka.server.ReplicaFetcherThread:97)
[2015-03-27 14:41:20,321] ERROR [ReplicaFetcherThread-0-0], Error for partition [new-topic4,0] to broker 0:class kafka.common.NotLeaderForPartitionException (kafka.server.ReplicaFetcherThread:97)
[2015-03-27 14:41:20,322] ERROR [ReplicaFetcherThread-0-0], Error for partition [new-topic4,0] to broker 0:class kafka.common.NotLeaderForPartitionException (kafka.server.ReplicaFetcherThread:97)
[2015-03-27 14:41:20,322] ERROR [ReplicaFetcherThread-0-0], Error for partition [new-topic4,0] to broker 0:class kafka.common.NotLeaderForPartitionException (kafka.server.ReplicaFetcherThread:97)
[2015-03-27 14:41:20,323] ERROR [ReplicaFetcherThread-0-0], Error for partition [new-topic4,0] to broker 0:class kafka.common.NotLeaderForPartitionException (kafka.server.ReplicaFetcherThread:97)
[2015-03-27 14:41:20,323] ERROR [ReplicaFetcherThread-0-0], Error for partition [new-topic4,0] to broker 0:class kafka.common.NotLeaderForPartitionException (kafka.server.ReplicaFetcherThread:97)
[2015-03-27 14:41:20,323] ERROR [ReplicaFetcherThread-0-0], Error for partition [new-topic4,0] to broker 0:class kafka.common.NotLeaderForPartitionException (kafka.server.ReplicaFetcherThread:97)
[2015-03-27 14:41:20,324] ERROR [ReplicaFetcherThread-0-0], Error for partition [new-topic4,0] to broker 0:class kafka.common.NotLeaderForPartitionException (kafka.server.ReplicaFetcherThread:97)
[2015-03-27 14:41:20,324] ERROR [ReplicaFetcherThread-0-0], Error for partition [new-topic4,0] to broker 0:class kafka.common.NotLeaderForPartitionException (kafka.server.ReplicaFetcherThread:97)
[2015-03-27 14:41:20,324] ERROR [ReplicaFetcherThread-0-0], Error for partition [new-topic4,0] to broker 0:class kafka.common.NotLeaderForPartitionException (kafka.server.ReplicaFetcherThread:97)
[2015-03-27 14:41:20,325] ERROR [ReplicaFetcherThread-0-0], Error for partition [new-topic4,0] to broker 0:class kafka.common.NotLeaderForPartitionException (kafka.server.ReplicaFetcherThread:97)
[2015-03-27 14:41:20,325] ERROR [ReplicaFetcherThread-0-0], Error for partition [new-topic4,0] to broker 0:class kafka.common.NotLeaderForPartitionException (kafka.server.ReplicaFetcherThread:97)
[2015-03-27 14:41:20,326] ERROR [ReplicaFetcherThread-0-0], Error for partition [new-topic4,0] to broker 0:class kafka.common.NotLeaderForPartitionException (kafka.server.ReplicaFetcherThread:97)
[2015-03-27 14:41:20,326] ERROR [ReplicaFetcherThread-0-0], Error for partition [new-topic4,0] to broker 0:class kafka.common.NotLeaderForPartitionException (kafka.server.ReplicaFetcherThread:97)
[2015-03-27 14:41:20,326] ERROR [ReplicaFetcherThread-0-0], Error for partition [new-topic4,0] to broker 0:class kafka.common.NotLeaderForPartitionException (kafka.server.ReplicaFetcherThread:97)
[2015-03-27 14:41:20,327] ERROR [ReplicaFetcherThread-0-0], Error for partition [new-topic4,0] to broker 0:class kafka.common.NotLeaderForPartitionException (kafka.server.ReplicaFetcherThread:97)
[2015-03-27 14:41:20,327] ERROR [ReplicaFetcherThread-0-0], Error for partition [new-topic4,0] to broker 0:class kafka.common.NotLeaderForPartitionException (kafka.server.ReplicaFetcherThread:97)
[2015-03-27 14:41:20,327] ERROR [ReplicaFetcherThread-0-0], Error for partition [new-topic4,0] to broker 0:class kafka.common.NotLeaderForPartitionException (kafka.server.ReplicaFetcherThread:97)
[2015-03-27 14:41:20,328] ERROR [ReplicaFetcherThread-0-0], Error for partition [new-topic4,0] to broker 0:class kafka.common.NotLeaderForPartitionException (kafka.server.ReplicaFetcherThread:97)
[2015-03-27 14:41:20,328] ERROR [ReplicaFetcherThread-0-0], Error for partition [new-topic4,0] to broker 0:class kafka.common.NotLeaderForPartitionException (kafka.server.ReplicaFetcherThread:97)
[2015-03-27 14:41:20,329] ERROR [ReplicaFetcherThread-0-0], Error for partition [new-topic4,0] to broker 0:class kafka.common.NotLeaderForPartitionException (kafka.server.ReplicaFetcherThread:97)
[2015-03-27 14:41:20,329] ERROR [ReplicaFetcherThread-0-0], Error for partition [new-topic4,0] to broker 0:class kafka.common.NotLeaderForPartitionException (kafka.server.ReplicaFetcherThread:97)
[2015-03-27 14:41:20,329] ERROR [ReplicaFetcherThread-0-0], Error for partition [new-topic4,0] to broker 0:class kafka.common.NotLeaderForPartitionException (kafka.server.ReplicaFetcherThread:97)
[2015-03-27 14:41:20,330] ERROR [ReplicaFetcherThread-0-0], Error for partition [new-topic4,0] to broker 0:class kafka.common.NotLeaderForPartitionException (kafka.server.ReplicaFetcherThread:97)
[2015-03-27 14:41:20,330] ERROR [ReplicaFetcherThread-0-0], Error for partition [new-topic4,0] to broker 0:class kafka.common.NotLeaderForPartitionException (kafka.server.ReplicaFetcherThread:97)
[2015-03-27 14:41:20,330] ERROR [ReplicaFetcherThread-0-0], Error for partition [new-topic4,0] to broker 0:class kafka.common.NotLeaderForPartitionException (kafka.server.ReplicaFetcherThread:97)
[2015-03-27 14:41:20,331] ERROR [ReplicaFetcherThread-0-0], Error for partition [new-topic4,0] to broker 0:class kafka.common.NotLeaderForPartitionException (kafka.server.ReplicaFetcherThread:97)
[2015-03-27 14:41:20,331] ERROR [ReplicaFetcherThread-0-0], Error for partition [new-topic4,0] to broker 0:class kafka.common.NotLeaderForPartitionException (kafka.server.ReplicaFetcherThread:97)
[2015-03-27 14:41:20,332] ERROR [ReplicaFetcherThread-0-0], Error for partition [new-topic4,0] to broker 0:class kafka.common.NotLeaderForPartitionException (kafka.server.ReplicaFetcherThread:97)
[2015-03-27 14:41:20,332] ERROR [ReplicaFetcherThread-0-0], Error for partition [new-topic4,0] to broker 0:class kafka.common.NotLeaderForPartitionException (kafka.server.ReplicaFetcherThread:97)
[2015-03-27 14:41:20,332] ERROR [ReplicaFetcherThread-0-0], Error for partition [new-topic4,0] to broker 0:class kafka.common.NotLeaderForPartitionException (kafka.server.ReplicaFetcherThread:97)
[2015-03-27 14:41:20,333] ERROR [ReplicaFetcherThread-0-0], Error for partition [new-topic4,0] to broker 0:class kafka.common.NotLeaderForPartitionException (kafka.server.ReplicaFetcherThread:97)
[2015-03-27 14:41:20,333] ERROR [ReplicaFetcherThread-0-0], Error for partition [new-topic4,0] to broker 0:class kafka.common.NotLeaderForPartitionException (kafka.server.ReplicaFetcherThread:97)
[2015-03-27 14:41:20,333] ERROR [ReplicaFetcherThread-0-0], Error for partition [new-topic4,0] to broker 0:class kafka.common.NotLeaderForPartitionException (kafka.server.ReplicaFetcherThread:97)
[2015-03-27 14:41:20,334] ERROR [ReplicaFetcherThread-0-0], Error for partition [new-topic4,0] to broker 0:class kafka.common.NotLeaderForPartitionException (kafka.server.ReplicaFetcherThread:97)
[2015-03-27 14:41:20,334] ERROR [ReplicaFetcherThread-0-0], Error for partition [new-topic4,0] to broker 0:class kafka.common.NotLeaderForPartitionException (kafka.server.ReplicaFetcherThread:97)
[2015-03-27 14:41:20,335] ERROR [ReplicaFetcherThread-0-0], Error for partition [new-topic4,0] to broker 0:class kafka.common.NotLeaderForPartitionException (kafka.server.ReplicaFetcherThread:97)
[2015-03-27 14:41:20,335] ERROR [ReplicaFetcherThread-0-0], Error for partition [new-topic4,0] to broker 0:class kafka.common.NotLeaderForPartitionException (kafka.server.ReplicaFetcherThread:97)
[2015-03-27 14:41:20,335] ERROR [ReplicaFetcherThread-0-0], Error for partition [new-topic4,0] to broker 0:class kafka.common.NotLeaderForPartitionException (kafka.server.ReplicaFetcherThread:97)
[2015-03-27 14:41:20,336] ERROR [ReplicaFetcherThread-0-0], Error for partition [new-topic4,0] to broker 0:class kafka.common.NotLeaderForPartitionException (kafka.server.ReplicaFetcherThread:97)
[2015-03-27 14:41:20,336] ERROR [ReplicaFetcherThread-0-0], Error for partition [new-topic4,0] to broker 0:class kafka.common.NotLeaderForPartitionException (kafka.server.ReplicaFetcherThread:97)
[2015-03-27 14:41:20,336] ERROR [ReplicaFetcherThread-0-0], Error for partition [new-topic4,0] to broker 0:class kafka.common.NotLeaderForPartitionException (kafka.server.ReplicaFetcherThread:97)
[2015-03-27 14:41:20,337] ERROR [ReplicaFetcherThread-0-0], Error for partition [new-topic4,0] to broker 0:class kafka.common.NotLeaderForPartitionException (kafka.server.ReplicaFetcherThread:97)
[2015-03-27 14:41:20,337] ERROR [ReplicaFetcherThread-0-0], Error for partition [new-topic4,0] to broker 0:class kafka.common.NotLeaderForPartitionException (kafka.server.ReplicaFetcherThread:97)
[2015-03-27 14:41:20,338] ERROR [ReplicaFetcherThread-0-0], Error for partition [new-topic4,0] to broker 0:class kafka.common.NotLeaderForPartitionException (kafka.server.ReplicaFetcherThread:97)
[2015-03-27 14:41:20,338] ERROR [ReplicaFetcherThread-0-0], Error for partition [new-topic4,0] to broker 0:class kafka.common.NotLeaderForPartitionException (kafka.server.ReplicaFetcherThread:97)
[2015-03-27 14:41:20,338] ERROR [ReplicaFetcherThread-0-0], Error for partition [new-topic4,0] to broker 0:class kafka.common.NotLeaderForPartitionException (kafka.server.ReplicaFetcherThread:97)
[2015-03-27 14:41:20,339] ERROR [ReplicaFetcherThread-0-0], Error for partition [new-topic4,0] to broker 0:class kafka.common.NotLeaderForPartitionException (kafka.server.ReplicaFetcherThread:97)
[2015-03-27 14:41:20,339] ERROR [ReplicaFetcherThread-0-0], Error for partition [new-topic4,0] to broker 0:class kafka.common.NotLeaderForPartitionException (kafka.server.ReplicaFetcherThread:97)
[2015-03-27 14:41:20,340] ERROR [ReplicaFetcherThread-0-0], Error for partition [new-topic4,0] to broker 0:class kafka.common.NotLeaderForPartitionException (kafka.server.ReplicaFetcherThread:97)
[2015-03-27 14:41:20,340] ERROR [ReplicaFetcherThread-0-0], Error for partition [new-topic4,0] to broker 0:class kafka.common.NotLeaderForPartitionException (kafka.server.ReplicaFetcherThread:97)
[2015-03-27 14:41:20,340] ERROR [ReplicaFetcherThread-0-0], Error for partition [new-topic4,0] to broker 0:class kafka.common.NotLeaderForPartitionException (kafka.server.ReplicaFetcherThread:97)
[2015-03-27 14:41:20,341] ERROR [ReplicaFetcherThread-0-0], Error for partition [new-topic4,0] to broker 0:class kafka.common.NotLeaderForPartitionException (kafka.server.ReplicaFetcherThread:97)
[2015-03-27 14:41:20,341] ERROR [ReplicaFetcherThread-0-0], Error for partition [new-topic4,0] to broker 0:class kafka.common.NotLeaderForPartitionException (kafka.server.ReplicaFetcherThread:97)
[2015-03-27 14:41:20,341] ERROR [ReplicaFetcherThread-0-0], Error for partition [new-topic4,0] to broker 0:class kafka.common.NotLeaderForPartitionException (kafka.server.ReplicaFetcherThread:97)
[2015-03-27 14:41:20,342] ERROR [ReplicaFetcherThread-0-0], Error for partition [new-topic4,0] to broker 0:class kafka.common.NotLeaderForPartitionException (kafka.server.ReplicaFetcherThread:97)
[2015-03-27 14:41:20,342] ERROR [ReplicaFetcherThread-0-0], Error for partition [new-topic4,0] to broker 0:class kafka.common.NotLeaderForPartitionException (kafka.server.ReplicaFetcherThread:97)
[2015-03-27 14:41:20,343] ERROR [ReplicaFetcherThread-0-0], Error for partition [new-topic4,0] to broker 0:class kafka.common.NotLeaderForPartitionException (kafka.server.ReplicaFetcherThread:97)
[2015-03-27 14:41:20,343] ERROR [ReplicaFetcherThread-0-0], Error for partition [new-topic4,0] to broker 0:class kafka.common.NotLeaderForPartitionException (kafka.server.ReplicaFetcherThread:97)
[2015-03-27 14:41:20,343] ERROR [ReplicaFetcherThread-0-0], Error for partition [new-topic4,0] to broker 0:class kafka.common.NotLeaderForPartitionException (kafka.server.ReplicaFetcherThread:97)
[2015-03-27 14:41:20,344] ERROR [ReplicaFetcherThread-0-0], Error for partition [new-topic4,0] to broker 0:class kafka.common.NotLeaderForPartitionException (kafka.server.ReplicaFetcherThread:97)
[2015-03-27 14:41:20,344] ERROR [ReplicaFetcherThread-0-0], Error for partition [new-topic4,0] to broker 0:class kafka.common.NotLeaderForPartitionException (kafka.server.ReplicaFetcherThread:97)
[2015-03-27 14:41:20,344] ERROR [ReplicaFetcherThread-0-0], Error for partition [new-topic4,0] to broker 0:class kafka.common.NotLeaderForPartitionException (kafka.server.ReplicaFetcherThread:97)
[2015-03-27 14:41:20,345] ERROR [ReplicaFetcherThread-0-0], Error for partition [new-topic4,0] to broker 0:class kafka.common.NotLeaderForPartitionException (kafka.server.ReplicaFetcherThread:97)
[2015-03-27 14:41:20,345] ERROR [ReplicaFetcherThread-0-0], Error for partition [new-topic4,0] to broker 0:class kafka.common.NotLeaderForPartitionException (kafka.server.ReplicaFetcherThread:97)
[2015-03-27 14:41:20,345] ERROR [ReplicaFetcherThread-0-0], Error for partition [new-topic4,0] to broker 0:class kafka.common.NotLeaderForPartitionException (kafka.server.ReplicaFetcherThread:97)
[2015-03-27 14:41:20,346] ERROR [ReplicaFetcherThread-0-0], Error for partition [new-topic4,0] to broker 0:class kafka.common.NotLeaderForPartitionException (kafka.server.ReplicaFetcherThread:97)
[2015-03-27 14:41:20,346] ERROR [ReplicaFetcherThread-0-0], Error for partition [new-topic4,0] to broker 0:class kafka.common.NotLeaderForPartitionException (kafka.server.ReplicaFetcherThread:97)
[2015-03-27 14:41:20,347] ERROR [ReplicaFetcherThread-0-0], Error for partition [new-topic4,0] to broker 0:class kafka.common.NotLeaderForPartitionException (kafka.server.ReplicaFetcherThread:97)
[2015-03-27 14:41:20,347] ERROR [ReplicaFetcherThread-0-0], Error for partition [new-topic4,0] to broker 0:class kafka.common.NotLeaderForPartitionException (kafka.server.ReplicaFetcherThread:97)
[2015-03-27 14:41:20,347] ERROR [ReplicaFetcherThread-0-0], Error for partition [new-topic4,0] to broker 0:class kafka.common.NotLeaderForPartitionException (kafka.server.ReplicaFetcherThread:97)
[2015-03-27 14:41:20,348] ERROR [ReplicaFetcherThread-0-0], Error for partition [new-topic4,0] to broker 0:class kafka.common.NotLeaderForPartitionException (kafka.server.ReplicaFetcherThread:97)
[2015-03-27 14:41:20,348] ERROR [ReplicaFetcherThread-0-0], Error for partition [new-topic4,0] to broker 0:class kafka.common.NotLeaderForPartitionException (kafka.server.ReplicaFetcherThread:97)
[2015-03-27 14:41:20,348] ERROR [ReplicaFetcherThread-0-0], Error for partition [new-topic4,0] to broker 0:class kafka.common.NotLeaderForPartitionException (kafka.server.ReplicaFetcherThread:97)
[2015-03-27 14:41:20,349] ERROR [ReplicaFetcherThread-0-0], Error for partition [new-topic4,0] to broker 0:class kafka.common.NotLeaderForPartitionException (kafka.server.ReplicaFetcherThread:97)
[2015-03-27 14:41:20,349] ERROR [ReplicaFetcherThread-0-0], Error for partition [new-topic4,0] to broker 0:class kafka.common.NotLeaderForPartitionException (kafka.server.ReplicaFetcherThread:97)
[2015-03-27 14:41:20,349] ERROR [ReplicaFetcherThread-0-0], Error for partition [new-topic4,0] to broker 0:class kafka.common.NotLeaderForPartitionException (kafka.server.ReplicaFetcherThread:97)
[2015-03-27 14:41:20,350] ERROR [ReplicaFetcherThread-0-0], Error for partition [new-topic4,0] to broker 0:class kafka.common.NotLeaderForPartitionException (kafka.server.ReplicaFetcherThread:97)
[2015-03-27 14:41:20,350] ERROR [ReplicaFetcherThread-0-0], Error for partition [new-topic4,0] to broker 0:class kafka.common.NotLeaderForPartitionException (kafka.server.ReplicaFetcherThread:97)
[2015-03-27 14:41:20,351] ERROR [ReplicaFetcherThread-0-0], Error for partition [new-topic4,0] to broker 0:class kafka.common.NotLeaderForPartitionException (kafka.server.ReplicaFetcherThread:97)
[2015-03-27 14:41:20,351] ERROR [ReplicaFetcherThread-0-0], Error for partition [new-topic4,0] to broker 0:class kafka.common.NotLeaderForPartitionException (kafka.server.ReplicaFetcherThread:97)
[2015-03-27 14:41:20,351] ERROR [ReplicaFetcherThread-0-0], Error for partition [new-topic4,0] to broker 0:class kafka.common.NotLeaderForPartitionException (kafka.server.ReplicaFetcherThread:97)
[2015-03-27 14:41:20,352] ERROR [ReplicaFetcherThread-0-0], Error for partition [new-topic4,0] to broker 0:class kafka.common.NotLeaderForPartitionException (kafka.server.ReplicaFetcherThread:97)
[2015-03-27 14:41:20,352] ERROR [ReplicaFetcherThread-0-0], Error for partition [new-topic4,0] to broker 0:class kafka.common.NotLeaderForPartitionException (kafka.server.ReplicaFetcherThread:97)
[2015-03-27 14:41:20,352] ERROR [ReplicaFetcherThread-0-0], Error for partition [new-topic4,0] to broker 0:class kafka.common.NotLeaderForPartitionException (kafka.server.ReplicaFetcherThread:97)
[2015-03-27 14:41:20,353] ERROR [ReplicaFetcherThread-0-0], Error for partition [new-topic4,0] to broker 0:class kafka.common.NotLeaderForPartitionException (kafka.server.ReplicaFetcherThread:97)
[2015-03-27 14:41:20,353] ERROR [ReplicaFetcherThread-0-0], Error for partition [new-topic4,0] to broker 0:class kafka.common.NotLeaderForPartitionException (kafka.server.ReplicaFetcherThread:97)
[2015-03-27 14:41:20,353] ERROR [ReplicaFetcherThread-0-0], Error for partition [new-topic4,0] to broker 0:class kafka.common.NotLeaderForPartitionException (kafka.server.ReplicaFetcherThread:97)
[2015-03-27 14:41:20,354] ERROR [ReplicaFetcherThread-0-0], Error for partition [new-topic4,0] to broker 0:class kafka.common.NotLeaderForPartitionException (kafka.server.ReplicaFetcherThread:97)
[2015-03-27 14:41:20,354] ERROR [ReplicaFetcherThread-0-0], Error for partition [new-topic4,0] to broker 0:class kafka.common.NotLeaderForPartitionException (kafka.server.ReplicaFetcherThread:97)
[2015-03-27 14:41:20,355] ERROR [ReplicaFetcherThread-0-0], Error for partition [new-topic4,0] to broker 0:class kafka.common.NotLeaderForPartitionException (kafka.server.ReplicaFetcherThread:97)
[2015-03-27 14:41:20,355] ERROR [ReplicaFetcherThread-0-0], Error for partition [new-topic4,0] to broker 0:class kafka.common.NotLeaderForPartitionException (kafka.server.ReplicaFetcherThread:97)
[2015-03-27 14:41:20,355] ERROR [ReplicaFetcherThread-0-0], Error for partition [new-topic4,0] to broker 0:class kafka.common.NotLeaderForPartitionException (kafka.server.ReplicaFetcherThread:97)
[2015-03-27 14:41:20,356] ERROR [ReplicaFetcherThread-0-0], Error for partition [new-topic4,0] to broker 0:class kafka.common.NotLeaderForPartitionException (kafka.server.ReplicaFetcherThread:97)
[2015-03-27 14:41:20,356] ERROR [ReplicaFetcherThread-0-0], Error for partition [new-topic4,0] to broker 0:class kafka.common.NotLeaderForPartitionException (kafka.server.ReplicaFetcherThread:97)
[2015-03-27 14:41:20,357] ERROR [ReplicaFetcherThread-0-0], Error for partition [new-topic4,0] to broker 0:class kafka.common.NotLeaderForPartitionException (kafka.server.ReplicaFetcherThread:97)
[2015-03-27 14:41:20,357] ERROR [ReplicaFetcherThread-0-0], Error for partition [new-topic4,0] to broker 0:class kafka.common.NotLeaderForPartitionException (kafka.server.ReplicaFetcherThread:97)
[2015-03-27 14:41:20,357] ERROR [ReplicaFetcherThread-0-0], Error for partition [new-topic4,0] to broker 0:class kafka.common.NotLeaderForPartitionException (kafka.server.ReplicaFetcherThread:97)
[2015-03-27 14:41:20,358] ERROR [ReplicaFetcherThread-0-0], Error for partition [new-topic4,0] to broker 0:class kafka.common.NotLeaderForPartitionException (kafka.server.ReplicaFetcherThread:97)
[2015-03-27 14:41:20,358] ERROR [ReplicaFetcherThread-0-0], Error for partition [new-topic4,0] to broker 0:class kafka.common.NotLeaderForPartitionException (kafka.server.ReplicaFetcherThread:97)
[2015-03-27 14:41:20,359] ERROR [ReplicaFetcherThread-0-0], Error for partition [new-topic4,0] to broker 0:class kafka.common.NotLeaderForPartitionException (kafka.server.ReplicaFetcherThread:97)
[2015-03-27 14:41:20,359] ERROR [ReplicaFetcherThread-0-0], Error for partition [new-topic4,0] to broker 0:class kafka.common.NotLeaderForPartitionException (kafka.server.ReplicaFetcherThread:97)
[2015-03-27 14:41:20,359] ERROR [ReplicaFetcherThread-0-0], Error for partition [new-topic4,0] to broker 0:class kafka.common.NotLeaderForPartitionException (kafka.server.ReplicaFetcherThread:97)
[2015-03-27 14:41:20,360] ERROR [ReplicaFetcherThread-0-0], Error for partition [new-topic4,0] to broker 0:class kafka.common.NotLeaderForPartitionException (kafka.server.ReplicaFetcherThread:97)
[2015-03-27 14:41:20,360] ERROR [ReplicaFetcherThread-0-0], Error for partition [new-topic4,0] to broker 0:class kafka.common.NotLeaderForPartitionException (kafka.server.ReplicaFetcherThread:97)
[2015-03-27 14:41:20,361] ERROR [ReplicaFetcherThread-0-0], Error for partition [new-topic4,0] to broker 0:class kafka.common.NotLeaderForPartitionException (kafka.server.ReplicaFetcherThread:97)
[2015-03-27 14:41:20,361] ERROR [ReplicaFetcherThread-0-0], Error for partition [new-topic4,0] to broker 0:class kafka.common.NotLeaderForPartitionException (kafka.server.ReplicaFetcherThread:97)
[2015-03-27 14:41:20,361] ERROR [ReplicaFetcherThread-0-0], Error for partition [new-topic4,0] to broker 0:class kafka.common.NotLeaderForPartitionException (kafka.server.ReplicaFetcherThread:97)
[2015-03-27 14:41:20,362] ERROR [ReplicaFetcherThread-0-0], Error for partition [new-topic4,0] to broker 0:class kafka.common.NotLeaderForPartitionException (kafka.server.ReplicaFetcherThread:97)
[2015-03-27 14:41:20,362] ERROR [ReplicaFetcherThread-0-0], Error for partition [new-topic4,0] to broker 0:class kafka.common.NotLeaderForPartitionException (kafka.server.ReplicaFetcherThread:97)
[2015-03-27 14:41:20,363] ERROR [ReplicaFetcherThread-0-0], Error for partition [new-topic4,0] to broker 0:class kafka.common.NotLeaderForPartitionException (kafka.server.ReplicaFetcherThread:97)
[2015-03-27 14:41:20,363] ERROR [ReplicaFetcherThread-0-0], Error for partition [new-topic4,0] to broker 0:class kafka.common.NotLeaderForPartitionException (kafka.server.ReplicaFetcherThread:97)
[2015-03-27 14:41:20,363] ERROR [ReplicaFetcherThread-0-0], Error for partition [new-topic4,0] to broker 0:class kafka.common.NotLeaderForPartitionException (kafka.server.ReplicaFetcherThread:97)
[2015-03-27 14:41:20,364] ERROR [ReplicaFetcherThread-0-0], Error for partition [new-topic4,0] to broker 0:class kafka.common.NotLeaderForPartitionException (kafka.server.ReplicaFetcherThread:97)
[2015-03-27 14:41:20,364] ERROR [ReplicaFetcherThread-0-0], Error for partition [new-topic4,0] to broker 0:class kafka.common.NotLeaderForPartitionException (kafka.server.ReplicaFetcherThread:97)
[2015-03-27 14:41:20,364] ERROR [ReplicaFetcherThread-0-0], Error for partition [new-topic4,0] to broker 0:class kafka.common.NotLeaderForPartitionException (kafka.server.ReplicaFetcherThread:97)
[2015-03-27 14:41:20,365] ERROR [ReplicaFetcherThread-0-0], Error for partition [new-topic4,0] to broker 0:class kafka.common.NotLeaderForPartitionException (kafka.server.ReplicaFetcherThread:97)
[2015-03-27 14:41:20,365] ERROR [ReplicaFetcherThread-0-0], Error for partition [new-topic4,0] to broker 0:class kafka.common.NotLeaderForPartitionException (kafka.server.ReplicaFetcherThread:97)
[2015-03-27 14:41:20,366] ERROR [ReplicaFetcherThread-0-0], Error for partition [new-topic4,0] to broker 0:class kafka.common.NotLeaderForPartitionException (kafka.server.ReplicaFetcherThread:97)
[2015-03-27 14:41:20,366] ERROR [ReplicaFetcherThread-0-0], Error for partition [new-topic4,0] to broker 0:class kafka.common.NotLeaderForPartitionException (kafka.server.ReplicaFetcherThread:97)
[2015-03-27 14:41:20,366] ERROR [ReplicaFetcherThread-0-0], Error for partition [new-topic4,0] to broker 0:class kafka.common.NotLeaderForPartitionException (kafka.server.ReplicaFetcherThread:97)
[2015-03-27 14:41:20,367] ERROR [ReplicaFetcherThread-0-0], Error for partition [new-topic4,0] to broker 0:class kafka.common.NotLeaderForPartitionException (kafka.server.ReplicaFetcherThread:97)
[2015-03-27 14:41:20,367] ERROR [ReplicaFetcherThread-0-0], Error for partition [new-topic4,0] to broker 0:class kafka.common.NotLeaderForPartitionException (kafka.server.ReplicaFetcherThread:97)
[2015-03-27 14:41:20,368] ERROR [ReplicaFetcherThread-0-0], Error for partition [new-topic4,0] to broker 0:class kafka.common.NotLeaderForPartitionException (kafka.server.ReplicaFetcherThread:97)
[2015-03-27 14:41:20,368] ERROR [ReplicaFetcherThread-0-0], Error for partition [new-topic4,0] to broker 0:class kafka.common.NotLeaderForPartitionException (kafka.server.ReplicaFetcherThread:97)
[2015-03-27 14:41:20,368] ERROR [ReplicaFetcherThread-0-0], Error for partition [new-topic4,0] to broker 0:class kafka.common.NotLeaderForPartitionException (kafka.server.ReplicaFetcherThread:97)
[2015-03-27 14:41:20,369] ERROR [ReplicaFetcherThread-0-0], Error for partition [new-topic4,0] to broker 0:class kafka.common.NotLeaderForPartitionException (kafka.server.ReplicaFetcherThread:97)
[2015-03-27 14:41:20,369] ERROR [ReplicaFetcherThread-0-0], Error for partition [new-topic4,0] to broker 0:class kafka.common.NotLeaderForPartitionException (kafka.server.ReplicaFetcherThread:97)
[2015-03-27 14:41:20,369] ERROR [ReplicaFetcherThread-0-0], Error for partition [new-topic4,0] to broker 0:class kafka.common.NotLeaderForPartitionException (kafka.server.ReplicaFetcherThread:97)
[2015-03-27 14:41:20,370] ERROR [ReplicaFetcherThread-0-0], Error for partition [new-topic4,0] to broker 0:class kafka.common.NotLeaderForPartitionException (kafka.server.ReplicaFetcherThread:97)
[2015-03-27 14:41:20,370] ERROR [ReplicaFetcherThread-0-0], Error for partition [new-topic4,0] to broker 0:class kafka.common.NotLeaderForPartitionException (kafka.server.ReplicaFetcherThread:97)
[2015-03-27 14:41:20,371] ERROR [ReplicaFetcherThread-0-0], Error for partition [new-topic4,0] to broker 0:class kafka.common.NotLeaderForPartitionException (kafka.server.ReplicaFetcherThread:97)
[2015-03-27 14:41:20,371] ERROR [ReplicaFetcherThread-0-0], Error for partition [new-topic4,0] to broker 0:class kafka.common.NotLeaderForPartitionException (kafka.server.ReplicaFetcherThread:97)
[2015-03-27 14:41:20,371] ERROR [ReplicaFetcherThread-0-0], Error for partition [new-topic4,0] to broker 0:class kafka.common.NotLeaderForPartitionException (kafka.server.ReplicaFetcherThread:97)
[2015-03-27 14:41:20,372] ERROR [ReplicaFetcherThread-0-0], Error for partition [new-topic4,0] to broker 0:class kafka.common.NotLeaderForPartitionException (kafka.server.ReplicaFetcherThread:97)
[2015-03-27 14:41:20,372] ERROR [ReplicaFetcherThread-0-0], Error for partition [new-topic4,0] to broker 0:class kafka.common.NotLeaderForPartitionException (kafka.server.ReplicaFetcherThread:97)
[2015-03-27 14:41:20,372] ERROR [ReplicaFetcherThread-0-0], Error for partition [new-topic4,0] to broker 0:class kafka.common.NotLeaderForPartitionException (kafka.server.ReplicaFetcherThread:97)
[2015-03-27 14:41:20,373] ERROR [ReplicaFetcherThread-0-0], Error for partition [new-topic4,0] to broker 0:class kafka.common.NotLeaderForPartitionException (kafka.server.ReplicaFetcherThread:97)
[2015-03-27 14:41:20,373] ERROR [ReplicaFetcherThread-0-0], Error for partition [new-topic4,0] to broker 0:class kafka.common.NotLeaderForPartitionException (kafka.server.ReplicaFetcherThread:97)
[2015-03-27 14:41:20,374] ERROR [ReplicaFetcherThread-0-0], Error for partition [new-topic4,0] to broker 0:class kafka.common.NotLeaderForPartitionException (kafka.server.ReplicaFetcherThread:97)
[2015-03-27 14:41:20,374] ERROR [ReplicaFetcherThread-0-0], Error for partition [new-topic4,0] to broker 0:class kafka.common.NotLeaderForPartitionException (kafka.server.ReplicaFetcherThread:97)
[2015-03-27 14:41:20,374] ERROR [ReplicaFetcherThread-0-0], Error for partition [new-topic4,0] to broker 0:class kafka.common.NotLeaderForPartitionException (kafka.server.ReplicaFetcherThread:97)
[2015-03-27 14:41:20,375] ERROR [ReplicaFetcherThread-0-0], Error for partition [new-topic4,0] to broker 0:class kafka.common.NotLeaderForPartitionException (kafka.server.ReplicaFetcherThread:97)
[2015-03-27 14:41:20,375] ERROR [ReplicaFetcherThread-0-0], Error for partition [new-topic4,0] to broker 0:class kafka.common.NotLeaderForPartitionException (kafka.server.ReplicaFetcherThread:97)
[2015-03-27 14:41:20,376] ERROR [ReplicaFetcherThread-0-0], Error for partition [new-topic4,0] to broker 0:class kafka.common.NotLeaderForPartitionException (kafka.server.ReplicaFetcherThread:97)
[2015-03-27 14:41:20,376] ERROR [ReplicaFetcherThread-0-0], Error for partition [new-topic4,0] to broker 0:class kafka.common.NotLeaderForPartitionException (kafka.server.ReplicaFetcherThread:97)
[2015-03-27 14:41:20,376] ERROR [ReplicaFetcherThread-0-0], Error for partition [new-topic4,0] to broker 0:class kafka.common.NotLeaderForPartitionException (kafka.server.ReplicaFetcherThread:97)
[2015-03-27 14:41:20,377] ERROR [ReplicaFetcherThread-0-0], Error for partition [new-topic4,0] to broker 0:class kafka.common.NotLeaderForPartitionException (kafka.server.ReplicaFetcherThread:97)
[2015-03-27 14:41:20,377] ERROR [ReplicaFetcherThread-0-0], Error for partition [new-topic4,0] to broker 0:class kafka.common.NotLeaderForPartitionException (kafka.server.ReplicaFetcherThread:97)
[2015-03-27 14:41:20,378] ERROR [ReplicaFetcherThread-0-0], Error for partition [new-topic4,0] to broker 0:class kafka.common.NotLeaderForPartitionException (kafka.server.ReplicaFetcherThread:97)
[2015-03-27 14:41:20,378] ERROR [ReplicaFetcherThread-0-0], Error for partition [new-topic4,0] to broker 0:class kafka.common.NotLeaderForPartitionException (kafka.server.ReplicaFetcherThread:97)
[2015-03-27 14:41:20,378] ERROR [ReplicaFetcherThread-0-0], Error for partition [new-topic4,0] to broker 0:class kafka.common.NotLeaderForPartitionException (kafka.server.ReplicaFetcherThread:97)
[2015-03-27 14:41:20,379] ERROR [ReplicaFetcherThread-0-0], Error for partition [new-topic4,0] to broker 0:class kafka.common.NotLeaderForPartitionException (kafka.server.ReplicaFetcherThread:97)
[2015-03-27 14:41:20,379] ERROR [ReplicaFetcherThread-0-0], Error for partition [new-topic4,0] to broker 0:class kafka.common.NotLeaderForPartitionException (kafka.server.ReplicaFetcherThread:97)
[2015-03-27 14:41:20,379] ERROR [ReplicaFetcherThread-0-0], Error for partition [new-topic4,0] to broker 0:class kafka.common.NotLeaderForPartitionException (kafka.server.ReplicaFetcherThread:97)
[2015-03-27 14:41:20,380] ERROR [ReplicaFetcherThread-0-0], Error for partition [new-topic4,0] to broker 0:class kafka.common.NotLeaderForPartitionException (kafka.server.ReplicaFetcherThread:97)
[2015-03-27 14:41:20,380] ERROR [ReplicaFetcherThread-0-0], Error for partition [new-topic4,0] to broker 0:class kafka.common.NotLeaderForPartitionException (kafka.server.ReplicaFetcherThread:97)
[2015-03-27 14:41:20,381] ERROR [ReplicaFetcherThread-0-0], Error for partition [new-topic4,0] to broker 0:class kafka.common.NotLeaderForPartitionException (kafka.server.ReplicaFetcherThread:97)
[2015-03-27 14:41:20,381] ERROR [ReplicaFetcherThread-0-0], Error for partition [new-topic4,0] to broker 0:class kafka.common.NotLeaderForPartitionException (kafka.server.ReplicaFetcherThread:97)
[2015-03-27 14:41:20,381] ERROR [ReplicaFetcherThread-0-0], Error for partition [new-topic4,0] to broker 0:class kafka.common.NotLeaderForPartitionException (kafka.server.ReplicaFetcherThread:97)
[2015-03-27 14:41:20,382] ERROR [ReplicaFetcherThread-0-0], Error for partition [new-topic4,0] to broker 0:class kafka.common.NotLeaderForPartitionException (kafka.server.ReplicaFetcherThread:97)
[2015-03-27 14:41:20,382] ERROR [ReplicaFetcherThread-0-0], Error for partition [new-topic4,0] to broker 0:class kafka.common.NotLeaderForPartitionException (kafka.server.ReplicaFetcherThread:97)
[2015-03-27 14:41:20,382] ERROR [ReplicaFetcherThread-0-0], Error for partition [new-topic4,0] to broker 0:class kafka.common.NotLeaderForPartitionException (kafka.server.ReplicaFetcherThread:97)
[2015-03-27 14:41:20,383] ERROR [ReplicaFetcherThread-0-0], Error for partition [new-topic4,0] to broker 0:class kafka.common.NotLeaderForPartitionException (kafka.server.ReplicaFetcherThread:97)
[2015-03-27 14:41:20,383] ERROR [ReplicaFetcherThread-0-0], Error for partition [new-topic4,0] to broker 0:class kafka.common.NotLeaderForPartitionException (kafka.server.ReplicaFetcherThread:97)
[2015-03-27 14:41:20,384] ERROR [ReplicaFetcherThread-0-0], Error for partition [new-topic4,0] to broker 0:class kafka.common.NotLeaderForPartitionException (kafka.server.ReplicaFetcherThread:97)
[2015-03-27 14:41:20,384] ERROR [ReplicaFetcherThread-0-0], Error for partition [new-topic4,0] to broker 0:class kafka.common.NotLeaderForPartitionException (kafka.server.ReplicaFetcherThread:97)
[2015-03-27 14:41:20,384] ERROR [ReplicaFetcherThread-0-0], Error for partition [new-topic4,0] to broker 0:class kafka.common.NotLeaderForPartitionException (kafka.server.ReplicaFetcherThread:97)
[2015-03-27 14:41:20,385] ERROR [ReplicaFetcherThread-0-0], Error for partition [new-topic4,0] to broker 0:class kafka.common.NotLeaderForPartitionException (kafka.server.ReplicaFetcherThread:97)
[2015-03-27 14:41:20,385] ERROR [ReplicaFetcherThread-0-0], Error for partition [new-topic4,0] to broker 0:class kafka.common.NotLeaderForPartitionException (kafka.server.ReplicaFetcherThread:97)
[2015-03-27 14:41:20,385] ERROR [ReplicaFetcherThread-0-0], Error for partition [new-topic4,0] to broker 0:class kafka.common.NotLeaderForPartitionException (kafka.server.ReplicaFetcherThread:97)
[2015-03-27 14:41:20,386] ERROR [ReplicaFetcherThread-0-0], Error for partition [new-topic4,0] to broker 0:class kafka.common.NotLeaderForPartitionException (kafka.server.ReplicaFetcherThread:97)
[2015-03-27 14:41:20,386] ERROR [ReplicaFetcherThread-0-0], Error for partition [new-topic4,0] to broker 0:class kafka.common.NotLeaderForPartitionException (kafka.server.ReplicaFetcherThread:97)
[2015-03-27 14:41:20,387] ERROR [ReplicaFetcherThread-0-0], Error for partition [new-topic4,0] to broker 0:class kafka.common.NotLeaderForPartitionException (kafka.server.ReplicaFetcherThread:97)
[2015-03-27 14:41:20,387] ERROR [ReplicaFetcherThread-0-0], Error for partition [new-topic4,0] to broker 0:class kafka.common.NotLeaderForPartitionException (kafka.server.ReplicaFetcherThread:97)
[2015-03-27 14:41:20,387] ERROR [ReplicaFetcherThread-0-0], Error for partition [new-topic4,0] to broker 0:class kafka.common.NotLeaderForPartitionException (kafka.server.ReplicaFetcherThread:97)
[2015-03-27 14:41:20,388] ERROR [ReplicaFetcherThread-0-0], Error for partition [new-topic4,0] to broker 0:class kafka.common.NotLeaderForPartitionException (kafka.server.ReplicaFetcherThread:97)
[2015-03-27 14:41:20,388] ERROR [ReplicaFetcherThread-0-0], Error for partition [new-topic4,0] to broker 0:class kafka.common.NotLeaderForPartitionException (kafka.server.ReplicaFetcherThread:97)
[2015-03-27 14:41:20,388] ERROR [ReplicaFetcherThread-0-0], Error for partition [new-topic4,0] to broker 0:class kafka.common.NotLeaderForPartitionException (kafka.server.ReplicaFetcherThread:97)
[2015-03-27 14:41:20,389] ERROR [ReplicaFetcherThread-0-0], Error for partition [new-topic4,0] to broker 0:class kafka.common.NotLeaderForPartitionException (kafka.server.ReplicaFetcherThread:97)
[2015-03-27 14:41:20,389] ERROR [ReplicaFetcherThread-0-0], Error for partition [new-topic4,0] to broker 0:class kafka.common.NotLeaderForPartitionException (kafka.server.ReplicaFetcherThread:97)
[2015-03-27 14:41:20,390] ERROR [ReplicaFetcherThread-0-0], Error for partition [new-topic4,0] to broker 0:class kafka.common.NotLeaderForPartitionException (kafka.server.ReplicaFetcherThread:97)
[2015-03-27 14:41:20,390] ERROR [ReplicaFetcherThread-0-0], Error for partition [new-topic4,0] to broker 0:class kafka.common.NotLeaderForPartitionException (kafka.server.ReplicaFetcherThread:97)
[2015-03-27 14:41:20,390] ERROR [ReplicaFetcherThread-0-0], Error for partition [new-topic4,0] to broker 0:class kafka.common.NotLeaderForPartitionException (kafka.server.ReplicaFetcherThread:97)
[2015-03-27 14:41:20,391] ERROR [ReplicaFetcherThread-0-0], Error for partition [new-topic4,0] to broker 0:class kafka.common.NotLeaderForPartitionException (kafka.server.ReplicaFetcherThread:97)
[2015-03-27 14:41:20,391] ERROR [ReplicaFetcherThread-0-0], Error for partition [new-topic4,0] to broker 0:class kafka.common.NotLeaderForPartitionException (kafka.server.ReplicaFetcherThread:97)
[2015-03-27 14:41:20,391] ERROR [ReplicaFetcherThread-0-0], Error for partition [new-topic4,0] to broker 0:class kafka.common.NotLeaderForPartitionException (kafka.server.ReplicaFetcherThread:97)
[2015-03-27 14:41:20,392] ERROR [ReplicaFetcherThread-0-0], Error for partition [new-topic4,0] to broker 0:class kafka.common.NotLeaderForPartitionException (kafka.server.ReplicaFetcherThread:97)
[2015-03-27 14:41:20,392] ERROR [ReplicaFetcherThread-0-0], Error for partition [new-topic4,0] to broker 0:class kafka.common.NotLeaderForPartitionException (kafka.server.ReplicaFetcherThread:97)
[2015-03-27 14:41:20,393] ERROR [ReplicaFetcherThread-0-0], Error for partition [new-topic4,0] to broker 0:class kafka.common.NotLeaderForPartitionException (kafka.server.ReplicaFetcherThread:97)
[2015-03-27 14:41:20,393] ERROR [ReplicaFetcherThread-0-0], Error for partition [new-topic4,0] to broker 0:class kafka.common.NotLeaderForPartitionException (kafka.server.ReplicaFetcherThread:97)
[2015-03-27 14:41:20,394] ERROR [ReplicaFetcherThread-0-0], Error for partition [new-topic4,0] to broker 0:class kafka.common.NotLeaderForPartitionException (kafka.server.ReplicaFetcherThread:97)
[2015-03-27 14:41:20,394] ERROR [ReplicaFetcherThread-0-0], Error for partition [new-topic4,0] to broker 0:class kafka.common.NotLeaderForPartitionException (kafka.server.ReplicaFetcherThread:97)
[2015-03-27 14:41:20,395] ERROR [ReplicaFetcherThread-0-0], Error for partition [new-topic4,0] to broker 0:class kafka.common.NotLeaderForPartitionException (kafka.server.ReplicaFetcherThread:97)
[2015-03-27 14:41:20,395] ERROR [ReplicaFetcherThread-0-0], Error for partition [new-topic4,0] to broker 0:class kafka.common.NotLeaderForPartitionException (kafka.server.ReplicaFetcherThread:97)
[2015-03-27 14:41:20,396] ERROR [ReplicaFetcherThread-0-0], Error for partition [new-topic4,0] to broker 0:class kafka.common.NotLeaderForPartitionException (kafka.server.ReplicaFetcherThread:97)
[2015-03-27 14:41:20,396] ERROR [ReplicaFetcherThread-0-0], Error for partition [new-topic4,0] to broker 0:class kafka.common.NotLeaderForPartitionException (kafka.server.ReplicaFetcherThread:97)
[2015-03-27 14:41:20,397] ERROR [ReplicaFetcherThread-0-0], Error for partition [new-topic4,0] to broker 0:class kafka.common.NotLeaderForPartitionException (kafka.server.ReplicaFetcherThread:97)
[2015-03-27 14:41:20,397] ERROR [ReplicaFetcherThread-0-0], Error for partition [new-topic4,0] to broker 0:class kafka.common.NotLeaderForPartitionException (kafka.server.ReplicaFetcherThread:97)
[2015-03-27 14:41:20,398] ERROR [ReplicaFetcherThread-0-0], Error for partition [new-topic4,0] to broker 0:class kafka.common.NotLeaderForPartitionException (kafka.server.ReplicaFetcherThread:97)
[2015-03-27 14:41:20,398] ERROR [ReplicaFetcherThread-0-0], Error for partition [new-topic4,0] to broker 0:class kafka.common.NotLeaderForPartitionException (kafka.server.ReplicaFetcherThread:97)
[2015-03-27 14:41:20,399] ERROR [ReplicaFetcherThread-0-0], Error for partition [new-topic4,0] to broker 0:class kafka.common.NotLeaderForPartitionException (kafka.server.ReplicaFetcherThread:97)
[2015-03-27 14:41:20,399] ERROR [ReplicaFetcherThread-0-0], Error for partition [new-topic4,0] to broker 0:class kafka.common.NotLeaderForPartitionException (kafka.server.ReplicaFetcherThread:97)
[2015-03-27 14:41:20,400] ERROR [ReplicaFetcherThread-0-0], Error for partition [new-topic4,0] to broker 0:class kafka.common.NotLeaderForPartitionException (kafka.server.ReplicaFetcherThread:97)
[2015-03-27 14:41:20,401] ERROR [ReplicaFetcherThread-0-0], Error for partition [new-topic4,0] to broker 0:class kafka.common.NotLeaderForPartitionException (kafka.server.ReplicaFetcherThread:97)
]]></system-out>
  <system-err><![CDATA[]]></system-err>
</testsuite>
