<?xml version="1.0" encoding="UTF-8"?>
<testsuite name="kafka.tools.ConsoleProducerTest" tests="4" skipped="0" failures="0" errors="0" timestamp="2015-03-27T21:45:02" hostname="airbears2-10-142-35-31.AirBears2.1918.Berkeley.EDU" time="0.026">
  <properties/>
  <testcase name="testValidConfigsOldProducer" classname="kafka.tools.ConsoleProducerTest" time="0.015"/>
  <testcase name="testInvalidConfigs" classname="kafka.tools.ConsoleProducerTest" time="0.003"/>
  <testcase name="testParseKeyProp" classname="kafka.tools.ConsoleProducerTest" time="0.004"/>
  <testcase name="testValidConfigsNewProducer" classname="kafka.tools.ConsoleProducerTest" time="0.004"/>
  <system-out><![CDATA[]]></system-out>
  <system-err><![CDATA[]]></system-err>
</testsuite>
