<?xml version="1.0" encoding="UTF-8"?>
<testsuite name="kafka.utils.SchedulerTest" tests="6" skipped="0" failures="0" errors="0" timestamp="2015-03-27T21:45:02" hostname="airbears2-10-142-35-31.AirBears2.1918.Berkeley.EDU" time="0.152">
  <properties/>
  <testcase name="testMockSchedulerPeriodicTask" classname="kafka.utils.SchedulerTest" time="0.001"/>
  <testcase name="testNonPeriodicTask" classname="kafka.utils.SchedulerTest" time="0.008"/>
  <testcase name="testReentrantTaskInMockScheduler" classname="kafka.utils.SchedulerTest" time="0.001"/>
  <testcase name="testPeriodicTask" classname="kafka.utils.SchedulerTest" time="0.137"/>
  <testcase name="testRestart" classname="kafka.utils.SchedulerTest" time="0.002"/>
  <testcase name="testMockSchedulerNonPeriodicTask" classname="kafka.utils.SchedulerTest" time="0.002"/>
  <system-out><![CDATA[]]></system-out>
  <system-err><![CDATA[]]></system-err>
</testsuite>
