<?xml version="1.0" encoding="UTF-8"?>
<testsuite name="kafka.server.DynamicConfigChangeTest" tests="2" skipped="0" failures="0" errors="0" timestamp="2015-03-27T21:43:55" hostname="airbears2-10-142-35-31.AirBears2.1918.Berkeley.EDU" time="1.883">
  <properties/>
  <testcase name="testConfigChangeOnNonExistingTopic" classname="kafka.server.DynamicConfigChangeTest" time="0.838"/>
  <testcase name="testConfigChange" classname="kafka.server.DynamicConfigChangeTest" time="1.045"/>
  <system-out><![CDATA[]]></system-out>
  <system-err><![CDATA[]]></system-err>
</testsuite>
