<?xml version="1.0" encoding="UTF-8"?>
<testsuite name="unit.kafka.utils.CommandLineUtilsTest" tests="3" skipped="0" failures="0" errors="0" timestamp="2015-03-27T21:45:12" hostname="airbears2-10-142-35-31.AirBears2.1918.Berkeley.EDU" time="0.001">
  <properties/>
  <testcase name="testParseEmptyArg" classname="unit.kafka.utils.CommandLineUtilsTest" time="0.001"/>
  <testcase name="testParseSingleArg" classname="unit.kafka.utils.CommandLineUtilsTest" time="0.0"/>
  <testcase name="testParseArgs" classname="unit.kafka.utils.CommandLineUtilsTest" time="0.0"/>
  <system-out><![CDATA[]]></system-out>
  <system-err><![CDATA[]]></system-err>
</testsuite>
