<?xml version="1.0" encoding="UTF-8"?>
<testsuite name="unit.kafka.consumer.PartitionAssignorTest" tests="2" skipped="0" failures="0" errors="0" timestamp="2015-03-27T21:45:02" hostname="airbears2-10-142-35-31.AirBears2.1918.Berkeley.EDU" time="9.679">
  <properties/>
  <testcase name="testRoundRobinPartitionAssignor" classname="unit.kafka.consumer.PartitionAssignorTest" time="4.606"/>
  <testcase name="testRangePartitionAssignor" classname="unit.kafka.consumer.PartitionAssignorTest" time="5.073"/>
  <system-out><![CDATA[]]></system-out>
  <system-err><![CDATA[]]></system-err>
</testsuite>
