<?xml version="1.0" encoding="UTF-8"?>
<testsuite name="kafka.server.ServerGenerateBrokerIdTest" tests="4" skipped="0" failures="0" errors="0" timestamp="2015-03-27T21:44:47" hostname="airbears2-10-142-35-31.AirBears2.1918.Berkeley.EDU" time="7.56">
  <properties/>
  <testcase name="testMultipleLogDirsMetaProps" classname="kafka.server.ServerGenerateBrokerIdTest" time="1.698"/>
  <testcase name="testConsistentBrokerIdFromUserConfigAndMetaProps" classname="kafka.server.ServerGenerateBrokerIdTest" time="1.475"/>
  <testcase name="testAutoGenerateBrokerId" classname="kafka.server.ServerGenerateBrokerIdTest" time="1.682"/>
  <testcase name="testUserConfigAndGeneratedBrokerId" classname="kafka.server.ServerGenerateBrokerIdTest" time="2.705"/>
  <system-out><![CDATA[]]></system-out>
  <system-err><![CDATA[]]></system-err>
</testsuite>
