<?xml version="1.0" encoding="UTF-8"?>
<testsuite name="unit.kafka.utils.ByteBoundedBlockingQueueTest" tests="1" skipped="0" failures="0" errors="0" timestamp="2015-03-27T21:45:12" hostname="airbears2-10-142-35-31.AirBears2.1918.Berkeley.EDU" time="0.025">
  <properties/>
  <testcase name="testByteBoundedBlockingQueue" classname="unit.kafka.utils.ByteBoundedBlockingQueueTest" time="0.025"/>
  <system-out><![CDATA[]]></system-out>
  <system-err><![CDATA[]]></system-err>
</testsuite>
