<?xml version="1.0" encoding="UTF-8"?>
<testsuite name="kafka.server.AdvertiseBrokerTest" tests="1" skipped="0" failures="0" errors="0" timestamp="2015-03-27T21:43:38" hostname="airbears2-10-142-35-31.AirBears2.1918.Berkeley.EDU" time="16.069">
  <properties/>
  <testcase name="testBrokerAdvertiseToZK" classname="kafka.server.AdvertiseBrokerTest" time="16.069"/>
  <system-out><![CDATA[]]></system-out>
  <system-err><![CDATA[]]></system-err>
</testsuite>
