<?xml version="1.0" encoding="UTF-8"?>
<testsuite name="kafka.server.ServerShutdownTest" tests="4" skipped="0" failures="0" errors="0" timestamp="2015-03-27T21:44:55" hostname="airbears2-10-142-35-31.AirBears2.1918.Berkeley.EDU" time="3.603">
  <properties/>
  <testcase name="testConsecutiveShutdown" classname="kafka.server.ServerShutdownTest" time="0.844"/>
  <testcase name="testCleanShutdownAfterFailedStartup" classname="kafka.server.ServerShutdownTest" time="0.018"/>
  <testcase name="testCleanShutdown" classname="kafka.server.ServerShutdownTest" time="1.895"/>
  <testcase name="testCleanShutdownWithDeleteTopicEnabled" classname="kafka.server.ServerShutdownTest" time="0.846"/>
  <system-out><![CDATA[]]></system-out>
  <system-err><![CDATA[]]></system-err>
</testsuite>
