<?xml version="1.0" encoding="UTF-8"?>
<testsuite name="unit.kafka.common.ConfigTest" tests="2" skipped="0" failures="0" errors="0" timestamp="2015-03-27T21:45:02" hostname="airbears2-10-142-35-31.AirBears2.1918.Berkeley.EDU" time="0.005">
  <properties/>
  <testcase name="testInvalidClientIds" classname="unit.kafka.common.ConfigTest" time="0.003"/>
  <testcase name="testInvalidGroupIds" classname="unit.kafka.common.ConfigTest" time="0.002"/>
  <system-out><![CDATA[]]></system-out>
  <system-err><![CDATA[]]></system-err>
</testsuite>
