<?xml version="1.0" encoding="UTF-8"?>
<testsuite name="kafka.integration.TopicMetadataTest" tests="4" skipped="0" failures="0" errors="0" timestamp="2015-03-27T21:42:02" hostname="airbears2-10-142-35-31.AirBears2.1918.Berkeley.EDU" time="4.595">
  <properties/>
  <testcase name="testBasicTopicMetadata" classname="kafka.integration.TopicMetadataTest" time="1.248"/>
  <testcase name="testGetAllTopicMetadata" classname="kafka.integration.TopicMetadataTest" time="1.248"/>
  <testcase name="testAutoCreateTopic" classname="kafka.integration.TopicMetadataTest" time="1.051"/>
  <testcase name="testTopicMetadataRequest" classname="kafka.integration.TopicMetadataTest" time="1.048"/>
  <system-out><![CDATA[]]></system-out>
  <system-err><![CDATA[]]></system-err>
</testsuite>
