<?xml version="1.0" encoding="UTF-8"?>
<testsuite name="kafka.server.HighwatermarkPersistenceTest" tests="2" skipped="0" failures="0" errors="0" timestamp="2015-03-27T21:43:57" hostname="airbears2-10-142-35-31.AirBears2.1918.Berkeley.EDU" time="0.835">
  <properties/>
  <testcase name="testHighWatermarkPersistenceSinglePartition" classname="kafka.server.HighwatermarkPersistenceTest" time="0.425"/>
  <testcase name="testHighWatermarkPersistenceMultiplePartitions" classname="kafka.server.HighwatermarkPersistenceTest" time="0.41"/>
  <system-out><![CDATA[]]></system-out>
  <system-err><![CDATA[]]></system-err>
</testsuite>
