<?xml version="1.0" encoding="UTF-8"?>
<testsuite name="kafka.api.ApiUtilsTest" tests="2" skipped="0" failures="0" errors="0" timestamp="2015-03-27T21:37:52" hostname="airbears2-10-142-35-31.AirBears2.1918.Berkeley.EDU" time="0.123">
  <properties/>
  <testcase name="testShortStringASCII" classname="kafka.api.ApiUtilsTest" time="0.065"/>
  <testcase name="testShortStringNonASCII" classname="kafka.api.ApiUtilsTest" time="0.058"/>
  <system-out><![CDATA[]]></system-out>
  <system-err><![CDATA[]]></system-err>
</testsuite>
