<?xml version="1.0" encoding="UTF-8"?>
<testsuite name="kafka.api.RequestResponseSerializationTest" tests="1" skipped="0" failures="0" errors="0" timestamp="2015-03-27T21:40:10" hostname="airbears2-10-142-35-31.AirBears2.1918.Berkeley.EDU" time="0.025">
  <properties/>
  <testcase name="testSerializationAndDeserialization" classname="kafka.api.RequestResponseSerializationTest" time="0.025"/>
  <system-out><![CDATA[]]></system-out>
  <system-err><![CDATA[]]></system-err>
</testsuite>
