<?xml version="1.0" encoding="UTF-8"?>
<testsuite name="kafka.utils.ReplicationUtilsTest" tests="2" skipped="0" failures="0" errors="0" timestamp="2015-03-27T21:45:02" hostname="airbears2-10-142-35-31.AirBears2.1918.Berkeley.EDU" time="0.068">
  <properties/>
  <testcase name="testUpdateLeaderAndIsr" classname="kafka.utils.ReplicationUtilsTest" time="0.054"/>
  <testcase name="testGetLeaderIsrAndEpochForPartition" classname="kafka.utils.ReplicationUtilsTest" time="0.014"/>
  <system-out><![CDATA[]]></system-out>
  <system-err><![CDATA[]]></system-err>
</testsuite>
