<?xml version="1.0" encoding="UTF-8"?>
<testsuite name="kafka.api.ConsumerTest" tests="9" skipped="0" failures="0" errors="0" timestamp="2015-03-27T21:37:52" hostname="airbears2-10-142-35-31.AirBears2.1918.Berkeley.EDU" time="56.951">
  <properties/>
  <testcase name="testGroupConsumption" classname="kafka.api.ConsumerTest" time="4.328"/>
  <testcase name="testPositionAndCommit" classname="kafka.api.ConsumerTest" time="4.763"/>
  <testcase name="testPartitionsFor" classname="kafka.api.ConsumerTest" time="4.157"/>
  <testcase name="testConsumptionWithBrokerFailures" classname="kafka.api.ConsumerTest" time="12.846"/>
  <testcase name="testSeekAndCommitWithBrokerFailures" classname="kafka.api.ConsumerTest" time="13.907"/>
  <testcase name="testSimpleConsumption" classname="kafka.api.ConsumerTest" time="3.927"/>
  <testcase name="testPartitionReassignmentCallback" classname="kafka.api.ConsumerTest" time="4.328"/>
  <testcase name="testAutoOffsetReset" classname="kafka.api.ConsumerTest" time="3.933"/>
  <testcase name="testSeek" classname="kafka.api.ConsumerTest" time="4.758"/>
  <system-out><![CDATA[[2015-03-27 14:37:54,720] ERROR Closing socket for /127.0.0.1 because of error (kafka.network.Processor:103)
java.io.IOException: Connection reset by peer
	at sun.nio.ch.FileDispatcherImpl.read0(Native Method)
	at sun.nio.ch.SocketDispatcher.read(SocketDispatcher.java:39)
	at sun.nio.ch.IOUtil.readIntoNativeBuffer(IOUtil.java:223)
	at sun.nio.ch.IOUtil.read(IOUtil.java:197)
	at sun.nio.ch.SocketChannelImpl.read(SocketChannelImpl.java:379)
	at kafka.utils.Utils$.read(Utils.scala:380)
	at kafka.network.BoundedByteBufferReceive.readFrom(BoundedByteBufferReceive.scala:54)
	at kafka.network.Processor.read(SocketServer.scala:444)
	at kafka.network.Processor.run(SocketServer.scala:340)
	at java.lang.Thread.run(Thread.java:744)
[2015-03-27 14:38:08,036] WARN caught end of stream exception (org.apache.zookeeper.server.NIOServerCnxn:357)
EndOfStreamException: Unable to read additional data from client sessionid 0x14c5d2baee50001, likely client has closed socket
	at org.apache.zookeeper.server.NIOServerCnxn.doIO(NIOServerCnxn.java:228)
	at org.apache.zookeeper.server.NIOServerCnxnFactory.run(NIOServerCnxnFactory.java:208)
	at java.lang.Thread.run(Thread.java:744)
[2015-03-27 14:38:10,321] WARN caught end of stream exception (org.apache.zookeeper.server.NIOServerCnxn:357)
EndOfStreamException: Unable to read additional data from client sessionid 0x14c5d2baee50003, likely client has closed socket
	at org.apache.zookeeper.server.NIOServerCnxn.doIO(NIOServerCnxn.java:228)
	at org.apache.zookeeper.server.NIOServerCnxnFactory.run(NIOServerCnxnFactory.java:208)
	at java.lang.Thread.run(Thread.java:744)
[2015-03-27 14:38:12,279] ERROR [Offset Manager on Broker 1]: Error in loading offsets from [__consumer_offsets,0] (kafka.server.OffsetManager:103)
java.lang.ClassCastException: java.lang.Long cannot be cast to java.lang.String
	at kafka.server.OffsetManager$.kafka$server$OffsetManager$$readMessageValue(OffsetManager.scala:575)
	at kafka.server.OffsetManager$$anonfun$kafka$server$OffsetManager$$loadOffsets$1$2.apply(OffsetManager.scala:387)
	at kafka.server.OffsetManager$$anonfun$kafka$server$OffsetManager$$loadOffsets$1$2.apply(OffsetManager.scala:376)
	at scala.collection.Iterator$class.foreach(Iterator.scala:727)
	at kafka.utils.IteratorTemplate.foreach(IteratorTemplate.scala:32)
	at scala.collection.IterableLike$class.foreach(IterableLike.scala:72)
	at kafka.message.MessageSet.foreach(MessageSet.scala:67)
	at kafka.server.OffsetManager.kafka$server$OffsetManager$$loadOffsets$1(OffsetManager.scala:376)
	at kafka.server.OffsetManager$$anonfun$loadOffsetsFromLog$1.apply$mcV$sp(OffsetManager.scala:357)
	at kafka.utils.KafkaScheduler$$anonfun$1.apply$mcV$sp(KafkaScheduler.scala:108)
	at kafka.utils.Utils$$anon$1.run(Utils.scala:54)
	at java.util.concurrent.Executors$RunnableAdapter.call(Executors.java:471)
	at java.util.concurrent.FutureTask.run(FutureTask.java:262)
	at java.util.concurrent.ScheduledThreadPoolExecutor$ScheduledFutureTask.access$201(ScheduledThreadPoolExecutor.java:178)
	at java.util.concurrent.ScheduledThreadPoolExecutor$ScheduledFutureTask.run(ScheduledThreadPoolExecutor.java:292)
	at java.util.concurrent.ThreadPoolExecutor.runWorker(ThreadPoolExecutor.java:1145)
	at java.util.concurrent.ThreadPoolExecutor$Worker.run(ThreadPoolExecutor.java:615)
	at java.lang.Thread.run(Thread.java:744)
[2015-03-27 14:38:13,806] ERROR [Offset Manager on Broker 0]: Error in loading offsets from [__consumer_offsets,0] (kafka.server.OffsetManager:103)
java.lang.ClassCastException: java.lang.Long cannot be cast to java.lang.String
	at kafka.server.OffsetManager$.kafka$server$OffsetManager$$readMessageValue(OffsetManager.scala:575)
	at kafka.server.OffsetManager$$anonfun$kafka$server$OffsetManager$$loadOffsets$1$2.apply(OffsetManager.scala:387)
	at kafka.server.OffsetManager$$anonfun$kafka$server$OffsetManager$$loadOffsets$1$2.apply(OffsetManager.scala:376)
	at scala.collection.Iterator$class.foreach(Iterator.scala:727)
	at kafka.utils.IteratorTemplate.foreach(IteratorTemplate.scala:32)
	at scala.collection.IterableLike$class.foreach(IterableLike.scala:72)
	at kafka.message.MessageSet.foreach(MessageSet.scala:67)
	at kafka.server.OffsetManager.kafka$server$OffsetManager$$loadOffsets$1(OffsetManager.scala:376)
	at kafka.server.OffsetManager$$anonfun$loadOffsetsFromLog$1.apply$mcV$sp(OffsetManager.scala:357)
	at kafka.utils.KafkaScheduler$$anonfun$1.apply$mcV$sp(KafkaScheduler.scala:108)
	at kafka.utils.Utils$$anon$1.run(Utils.scala:54)
	at java.util.concurrent.Executors$RunnableAdapter.call(Executors.java:471)
	at java.util.concurrent.FutureTask.run(FutureTask.java:262)
	at java.util.concurrent.ScheduledThreadPoolExecutor$ScheduledFutureTask.access$201(ScheduledThreadPoolExecutor.java:178)
	at java.util.concurrent.ScheduledThreadPoolExecutor$ScheduledFutureTask.run(ScheduledThreadPoolExecutor.java:292)
	at java.util.concurrent.ThreadPoolExecutor.runWorker(ThreadPoolExecutor.java:1145)
	at java.util.concurrent.ThreadPoolExecutor$Worker.run(ThreadPoolExecutor.java:615)
	at java.lang.Thread.run(Thread.java:744)
[2015-03-27 14:38:15,666] ERROR [Offset Manager on Broker 0]: Error in loading offsets from [__consumer_offsets,0] (kafka.server.OffsetManager:103)
java.lang.ClassCastException: java.lang.Long cannot be cast to java.lang.String
	at kafka.server.OffsetManager$.kafka$server$OffsetManager$$readMessageValue(OffsetManager.scala:575)
	at kafka.server.OffsetManager$$anonfun$kafka$server$OffsetManager$$loadOffsets$1$2.apply(OffsetManager.scala:387)
	at kafka.server.OffsetManager$$anonfun$kafka$server$OffsetManager$$loadOffsets$1$2.apply(OffsetManager.scala:376)
	at scala.collection.Iterator$class.foreach(Iterator.scala:727)
	at kafka.utils.IteratorTemplate.foreach(IteratorTemplate.scala:32)
	at scala.collection.IterableLike$class.foreach(IterableLike.scala:72)
	at kafka.message.MessageSet.foreach(MessageSet.scala:67)
	at kafka.server.OffsetManager.kafka$server$OffsetManager$$loadOffsets$1(OffsetManager.scala:376)
	at kafka.server.OffsetManager$$anonfun$loadOffsetsFromLog$1.apply$mcV$sp(OffsetManager.scala:357)
	at kafka.utils.KafkaScheduler$$anonfun$1.apply$mcV$sp(KafkaScheduler.scala:108)
	at kafka.utils.Utils$$anon$1.run(Utils.scala:54)
	at java.util.concurrent.Executors$RunnableAdapter.call(Executors.java:471)
	at java.util.concurrent.FutureTask.run(FutureTask.java:262)
	at java.util.concurrent.ScheduledThreadPoolExecutor$ScheduledFutureTask.access$201(ScheduledThreadPoolExecutor.java:178)
	at java.util.concurrent.ScheduledThreadPoolExecutor$ScheduledFutureTask.run(ScheduledThreadPoolExecutor.java:292)
	at java.util.concurrent.ThreadPoolExecutor.runWorker(ThreadPoolExecutor.java:1145)
	at java.util.concurrent.ThreadPoolExecutor$Worker.run(ThreadPoolExecutor.java:615)
	at java.lang.Thread.run(Thread.java:744)
[2015-03-27 14:38:25,099] ERROR [Offset Manager on Broker 1]: Error in loading offsets from [__consumer_offsets,0] (kafka.server.OffsetManager:103)
java.lang.ClassCastException: java.lang.Long cannot be cast to java.lang.String
	at kafka.server.OffsetManager$.kafka$server$OffsetManager$$readMessageValue(OffsetManager.scala:575)
	at kafka.server.OffsetManager$$anonfun$kafka$server$OffsetManager$$loadOffsets$1$2.apply(OffsetManager.scala:387)
	at kafka.server.OffsetManager$$anonfun$kafka$server$OffsetManager$$loadOffsets$1$2.apply(OffsetManager.scala:376)
	at scala.collection.Iterator$class.foreach(Iterator.scala:727)
	at kafka.utils.IteratorTemplate.foreach(IteratorTemplate.scala:32)
	at scala.collection.IterableLike$class.foreach(IterableLike.scala:72)
	at kafka.message.MessageSet.foreach(MessageSet.scala:67)
	at kafka.server.OffsetManager.kafka$server$OffsetManager$$loadOffsets$1(OffsetManager.scala:376)
	at kafka.server.OffsetManager$$anonfun$loadOffsetsFromLog$1.apply$mcV$sp(OffsetManager.scala:357)
	at kafka.utils.KafkaScheduler$$anonfun$1.apply$mcV$sp(KafkaScheduler.scala:108)
	at kafka.utils.Utils$$anon$1.run(Utils.scala:54)
	at java.util.concurrent.Executors$RunnableAdapter.call(Executors.java:471)
	at java.util.concurrent.FutureTask.run(FutureTask.java:262)
	at java.util.concurrent.ScheduledThreadPoolExecutor$ScheduledFutureTask.access$201(ScheduledThreadPoolExecutor.java:178)
	at java.util.concurrent.ScheduledThreadPoolExecutor$ScheduledFutureTask.run(ScheduledThreadPoolExecutor.java:292)
	at java.util.concurrent.ThreadPoolExecutor.runWorker(ThreadPoolExecutor.java:1145)
	at java.util.concurrent.ThreadPoolExecutor$Worker.run(ThreadPoolExecutor.java:615)
	at java.lang.Thread.run(Thread.java:744)
[2015-03-27 14:38:27,489] ERROR [Offset Manager on Broker 1]: Error in loading offsets from [__consumer_offsets,0] (kafka.server.OffsetManager:103)
java.lang.ClassCastException: java.lang.Long cannot be cast to java.lang.String
	at kafka.server.OffsetManager$.kafka$server$OffsetManager$$readMessageValue(OffsetManager.scala:575)
	at kafka.server.OffsetManager$$anonfun$kafka$server$OffsetManager$$loadOffsets$1$2.apply(OffsetManager.scala:387)
	at kafka.server.OffsetManager$$anonfun$kafka$server$OffsetManager$$loadOffsets$1$2.apply(OffsetManager.scala:376)
	at scala.collection.Iterator$class.foreach(Iterator.scala:727)
	at kafka.utils.IteratorTemplate.foreach(IteratorTemplate.scala:32)
	at scala.collection.IterableLike$class.foreach(IterableLike.scala:72)
	at kafka.message.MessageSet.foreach(MessageSet.scala:67)
	at kafka.server.OffsetManager.kafka$server$OffsetManager$$loadOffsets$1(OffsetManager.scala:376)
	at kafka.server.OffsetManager$$anonfun$loadOffsetsFromLog$1.apply$mcV$sp(OffsetManager.scala:357)
	at kafka.utils.KafkaScheduler$$anonfun$1.apply$mcV$sp(KafkaScheduler.scala:108)
	at kafka.utils.Utils$$anon$1.run(Utils.scala:54)
	at java.util.concurrent.Executors$RunnableAdapter.call(Executors.java:471)
	at java.util.concurrent.FutureTask.run(FutureTask.java:262)
	at java.util.concurrent.ScheduledThreadPoolExecutor$ScheduledFutureTask.access$201(ScheduledThreadPoolExecutor.java:178)
	at java.util.concurrent.ScheduledThreadPoolExecutor$ScheduledFutureTask.run(ScheduledThreadPoolExecutor.java:292)
	at java.util.concurrent.ThreadPoolExecutor.runWorker(ThreadPoolExecutor.java:1145)
	at java.util.concurrent.ThreadPoolExecutor$Worker.run(ThreadPoolExecutor.java:615)
	at java.lang.Thread.run(Thread.java:744)
[2015-03-27 14:38:27,952] ERROR [Offset Manager on Broker 2]: Error in loading offsets from [__consumer_offsets,0] (kafka.server.OffsetManager:103)
java.lang.ClassCastException: java.lang.Long cannot be cast to java.lang.String
	at kafka.server.OffsetManager$.kafka$server$OffsetManager$$readMessageValue(OffsetManager.scala:575)
	at kafka.server.OffsetManager$$anonfun$kafka$server$OffsetManager$$loadOffsets$1$2.apply(OffsetManager.scala:387)
	at kafka.server.OffsetManager$$anonfun$kafka$server$OffsetManager$$loadOffsets$1$2.apply(OffsetManager.scala:376)
	at scala.collection.Iterator$class.foreach(Iterator.scala:727)
	at kafka.utils.IteratorTemplate.foreach(IteratorTemplate.scala:32)
	at scala.collection.IterableLike$class.foreach(IterableLike.scala:72)
	at kafka.message.MessageSet.foreach(MessageSet.scala:67)
	at kafka.server.OffsetManager.kafka$server$OffsetManager$$loadOffsets$1(OffsetManager.scala:376)
	at kafka.server.OffsetManager$$anonfun$loadOffsetsFromLog$1.apply$mcV$sp(OffsetManager.scala:357)
	at kafka.utils.KafkaScheduler$$anonfun$1.apply$mcV$sp(KafkaScheduler.scala:108)
	at kafka.utils.Utils$$anon$1.run(Utils.scala:54)
	at java.util.concurrent.Executors$RunnableAdapter.call(Executors.java:471)
	at java.util.concurrent.FutureTask.run(FutureTask.java:262)
	at java.util.concurrent.ScheduledThreadPoolExecutor$ScheduledFutureTask.access$201(ScheduledThreadPoolExecutor.java:178)
	at java.util.concurrent.ScheduledThreadPoolExecutor$ScheduledFutureTask.run(ScheduledThreadPoolExecutor.java:292)
	at java.util.concurrent.ThreadPoolExecutor.runWorker(ThreadPoolExecutor.java:1145)
	at java.util.concurrent.ThreadPoolExecutor$Worker.run(ThreadPoolExecutor.java:615)
	at java.lang.Thread.run(Thread.java:744)
[2015-03-27 14:38:29,413] ERROR [Offset Manager on Broker 2]: Error in loading offsets from [__consumer_offsets,0] (kafka.server.OffsetManager:103)
java.lang.ClassCastException: java.lang.Long cannot be cast to java.lang.String
	at kafka.server.OffsetManager$.kafka$server$OffsetManager$$readMessageValue(OffsetManager.scala:575)
	at kafka.server.OffsetManager$$anonfun$kafka$server$OffsetManager$$loadOffsets$1$2.apply(OffsetManager.scala:387)
	at kafka.server.OffsetManager$$anonfun$kafka$server$OffsetManager$$loadOffsets$1$2.apply(OffsetManager.scala:376)
	at scala.collection.Iterator$class.foreach(Iterator.scala:727)
	at kafka.utils.IteratorTemplate.foreach(IteratorTemplate.scala:32)
	at scala.collection.IterableLike$class.foreach(IterableLike.scala:72)
	at kafka.message.MessageSet.foreach(MessageSet.scala:67)
	at kafka.server.OffsetManager.kafka$server$OffsetManager$$loadOffsets$1(OffsetManager.scala:376)
	at kafka.server.OffsetManager$$anonfun$loadOffsetsFromLog$1.apply$mcV$sp(OffsetManager.scala:357)
	at kafka.utils.KafkaScheduler$$anonfun$1.apply$mcV$sp(KafkaScheduler.scala:108)
	at kafka.utils.Utils$$anon$1.run(Utils.scala:54)
	at java.util.concurrent.Executors$RunnableAdapter.call(Executors.java:471)
	at java.util.concurrent.FutureTask.run(FutureTask.java:262)
	at java.util.concurrent.ScheduledThreadPoolExecutor$ScheduledFutureTask.access$201(ScheduledThreadPoolExecutor.java:178)
	at java.util.concurrent.ScheduledThreadPoolExecutor$ScheduledFutureTask.run(ScheduledThreadPoolExecutor.java:292)
	at java.util.concurrent.ThreadPoolExecutor.runWorker(ThreadPoolExecutor.java:1145)
	at java.util.concurrent.ThreadPoolExecutor$Worker.run(ThreadPoolExecutor.java:615)
	at java.lang.Thread.run(Thread.java:744)
[2015-03-27 14:38:34,405] ERROR Closing socket for /127.0.0.1 because of error (kafka.network.Processor:103)
java.io.IOException: Connection reset by peer
	at sun.nio.ch.FileDispatcherImpl.read0(Native Method)
	at sun.nio.ch.SocketDispatcher.read(SocketDispatcher.java:39)
	at sun.nio.ch.IOUtil.readIntoNativeBuffer(IOUtil.java:223)
	at sun.nio.ch.IOUtil.read(IOUtil.java:197)
	at sun.nio.ch.SocketChannelImpl.read(SocketChannelImpl.java:379)
	at kafka.utils.Utils$.read(Utils.scala:380)
	at kafka.network.BoundedByteBufferReceive.readFrom(BoundedByteBufferReceive.scala:54)
	at kafka.network.Processor.read(SocketServer.scala:444)
	at kafka.network.Processor.run(SocketServer.scala:340)
	at java.lang.Thread.run(Thread.java:744)
[2015-03-27 14:38:39,641] ERROR Closing socket for /127.0.0.1 because of error (kafka.network.Processor:103)
java.io.IOException: Connection reset by peer
	at sun.nio.ch.FileDispatcherImpl.read0(Native Method)
	at sun.nio.ch.SocketDispatcher.read(SocketDispatcher.java:39)
	at sun.nio.ch.IOUtil.readIntoNativeBuffer(IOUtil.java:223)
	at sun.nio.ch.IOUtil.read(IOUtil.java:197)
	at sun.nio.ch.SocketChannelImpl.read(SocketChannelImpl.java:379)
	at kafka.utils.Utils$.read(Utils.scala:380)
	at kafka.network.BoundedByteBufferReceive.readFrom(BoundedByteBufferReceive.scala:54)
	at kafka.network.Processor.read(SocketServer.scala:444)
	at kafka.network.Processor.run(SocketServer.scala:340)
	at java.lang.Thread.run(Thread.java:744)
[2015-03-27 14:38:43,255] WARN caught end of stream exception (org.apache.zookeeper.server.NIOServerCnxn:357)
EndOfStreamException: Unable to read additional data from client sessionid 0x14c5d2c37a70001, likely client has closed socket
	at org.apache.zookeeper.server.NIOServerCnxn.doIO(NIOServerCnxn.java:228)
	at org.apache.zookeeper.server.NIOServerCnxnFactory.run(NIOServerCnxnFactory.java:208)
	at java.lang.Thread.run(Thread.java:744)
]]></system-out>
  <system-err><![CDATA[]]></system-err>
</testsuite>
