<?xml version="1.0" encoding="UTF-8"?>
<testsuite name="unit.kafka.server.KafkaConfigConfigDefTest" tests="5" skipped="0" failures="0" errors="0" timestamp="2015-03-27T21:45:12" hostname="airbears2-10-142-35-31.AirBears2.1918.Berkeley.EDU" time="0.031">
  <properties/>
  <testcase name="testFromPropsInvalid" classname="unit.kafka.server.KafkaConfigConfigDefTest" time="0.027"/>
  <testcase name="testFromPropsEmpty" classname="unit.kafka.server.KafkaConfigConfigDefTest" time="0.0"/>
  <testcase name="testFromPropsToProps" classname="unit.kafka.server.KafkaConfigConfigDefTest" time="0.003"/>
  <testcase name="testFromPropsDefaults" classname="unit.kafka.server.KafkaConfigConfigDefTest" time="0.0"/>
  <testcase name="testSpecificProperties" classname="unit.kafka.server.KafkaConfigConfigDefTest" time="0.0"/>
  <system-out><![CDATA[]]></system-out>
  <system-err><![CDATA[]]></system-err>
</testsuite>
