<?xml version="1.0" encoding="UTF-8"?>
<testsuite name="kafka.api.test.ProducerCompressionTest" tests="4" skipped="0" failures="0" errors="0" timestamp="2015-03-27T21:40:10" hostname="airbears2-10-142-35-31.AirBears2.1918.Berkeley.EDU" time="5.425">
  <properties/>
  <testcase name="testCompression[0]" classname="kafka.api.test.ProducerCompressionTest" time="1.261"/>
  <testcase name="testCompression[1]" classname="kafka.api.test.ProducerCompressionTest" time="1.458"/>
  <testcase name="testCompression[2]" classname="kafka.api.test.ProducerCompressionTest" time="1.252"/>
  <testcase name="testCompression[3]" classname="kafka.api.test.ProducerCompressionTest" time="1.453"/>
  <system-out><![CDATA[]]></system-out>
  <system-err><![CDATA[]]></system-err>
</testsuite>
