<?xml version="1.0" encoding="UTF-8"?>
<testsuite name="kafka.consumer.ZookeeperConsumerConnectorTest" tests="6" skipped="0" failures="0" errors="0" timestamp="2015-03-27T21:40:22" hostname="airbears2-10-142-35-31.AirBears2.1918.Berkeley.EDU" time="29.141">
  <properties/>
  <testcase name="testCompressionSetConsumption" classname="kafka.consumer.ZookeeperConsumerConnectorTest" time="2.89"/>
  <testcase name="testConsumerRebalanceListener" classname="kafka.consumer.ZookeeperConsumerConnectorTest" time="2.89"/>
  <testcase name="testLeaderSelectionForPartition" classname="kafka.consumer.ZookeeperConsumerConnectorTest" time="2.269"/>
  <testcase name="testConsumerDecoder" classname="kafka.consumer.ZookeeperConsumerConnectorTest" time="3.109"/>
  <testcase name="testCompression" classname="kafka.consumer.ZookeeperConsumerConnectorTest" time="8.792"/>
  <testcase name="testBasic" classname="kafka.consumer.ZookeeperConsumerConnectorTest" time="9.191"/>
  <system-out><![CDATA[[2015-03-27 14:40:22,593] ERROR Failed to collate messages by topic, partition due to: Failed to fetch topic metadata for topic: topic1 (kafka.producer.async.DefaultEventHandler:97)
[2015-03-27 14:40:23,758] ERROR Closing socket for /127.0.0.1 because of error (kafka.network.Processor:103)
java.io.IOException: Connection reset by peer
	at sun.nio.ch.FileDispatcherImpl.read0(Native Method)
	at sun.nio.ch.SocketDispatcher.read(SocketDispatcher.java:39)
	at sun.nio.ch.IOUtil.readIntoNativeBuffer(IOUtil.java:223)
	at sun.nio.ch.IOUtil.read(IOUtil.java:197)
	at sun.nio.ch.SocketChannelImpl.read(SocketChannelImpl.java:379)
	at kafka.utils.Utils$.read(Utils.scala:380)
	at kafka.network.BoundedByteBufferReceive.readFrom(BoundedByteBufferReceive.scala:54)
	at kafka.network.Processor.read(SocketServer.scala:444)
	at kafka.network.Processor.run(SocketServer.scala:340)
	at java.lang.Thread.run(Thread.java:744)
[2015-03-27 14:40:25,481] ERROR Failed to collate messages by topic, partition due to: Failed to fetch topic metadata for topic: topic1 (kafka.producer.async.DefaultEventHandler:97)
[2015-03-27 14:40:26,640] ERROR Closing socket for /127.0.0.1 because of error (kafka.network.Processor:103)
java.io.IOException: Connection reset by peer
	at sun.nio.ch.FileDispatcherImpl.read0(Native Method)
	at sun.nio.ch.SocketDispatcher.read(SocketDispatcher.java:39)
	at sun.nio.ch.IOUtil.readIntoNativeBuffer(IOUtil.java:223)
	at sun.nio.ch.IOUtil.read(IOUtil.java:197)
	at sun.nio.ch.SocketChannelImpl.read(SocketChannelImpl.java:379)
	at kafka.utils.Utils$.read(Utils.scala:380)
	at kafka.network.BoundedByteBufferReceive.readFrom(BoundedByteBufferReceive.scala:54)
	at kafka.network.Processor.read(SocketServer.scala:444)
	at kafka.network.Processor.run(SocketServer.scala:340)
	at java.lang.Thread.run(Thread.java:744)
[2015-03-27 14:40:26,641] ERROR Closing socket for /127.0.0.1 because of error (kafka.network.Processor:103)
java.io.IOException: Connection reset by peer
	at sun.nio.ch.FileDispatcherImpl.read0(Native Method)
	at sun.nio.ch.SocketDispatcher.read(SocketDispatcher.java:39)
	at sun.nio.ch.IOUtil.readIntoNativeBuffer(IOUtil.java:223)
	at sun.nio.ch.IOUtil.read(IOUtil.java:197)
	at sun.nio.ch.SocketChannelImpl.read(SocketChannelImpl.java:379)
	at kafka.utils.Utils$.read(Utils.scala:380)
	at kafka.network.BoundedByteBufferReceive.readFrom(BoundedByteBufferReceive.scala:54)
	at kafka.network.Processor.read(SocketServer.scala:444)
	at kafka.network.Processor.run(SocketServer.scala:340)
	at java.lang.Thread.run(Thread.java:744)
[2015-03-27 14:40:26,977] ERROR Closing socket for /127.0.0.1 because of error (kafka.network.Processor:103)
java.io.IOException: Connection reset by peer
	at sun.nio.ch.FileDispatcherImpl.read0(Native Method)
	at sun.nio.ch.SocketDispatcher.read(SocketDispatcher.java:39)
	at sun.nio.ch.IOUtil.readIntoNativeBuffer(IOUtil.java:223)
	at sun.nio.ch.IOUtil.read(IOUtil.java:197)
	at sun.nio.ch.SocketChannelImpl.read(SocketChannelImpl.java:379)
	at kafka.utils.Utils$.read(Utils.scala:380)
	at kafka.network.BoundedByteBufferReceive.readFrom(BoundedByteBufferReceive.scala:54)
	at kafka.network.Processor.read(SocketServer.scala:444)
	at kafka.network.Processor.run(SocketServer.scala:340)
	at java.lang.Thread.run(Thread.java:744)
[2015-03-27 14:40:28,706] ERROR Closing socket for /127.0.0.1 because of error (kafka.network.Processor:103)
java.io.IOException: Connection reset by peer
	at sun.nio.ch.FileDispatcherImpl.read0(Native Method)
	at sun.nio.ch.SocketDispatcher.read(SocketDispatcher.java:39)
	at sun.nio.ch.IOUtil.readIntoNativeBuffer(IOUtil.java:223)
	at sun.nio.ch.IOUtil.read(IOUtil.java:197)
	at sun.nio.ch.SocketChannelImpl.read(SocketChannelImpl.java:379)
	at kafka.utils.Utils$.read(Utils.scala:380)
	at kafka.network.BoundedByteBufferReceive.readFrom(BoundedByteBufferReceive.scala:54)
	at kafka.network.Processor.read(SocketServer.scala:444)
	at kafka.network.Processor.run(SocketServer.scala:340)
	at java.lang.Thread.run(Thread.java:744)
[2015-03-27 14:40:30,634] ERROR Failed to collate messages by topic, partition due to: Failed to fetch topic metadata for topic: topic1 (kafka.producer.async.DefaultEventHandler:97)
[2015-03-27 14:40:31,999] ERROR Closing socket for /127.0.0.1 because of error (kafka.network.Processor:103)
java.io.IOException: Connection reset by peer
	at sun.nio.ch.FileDispatcherImpl.read0(Native Method)
	at sun.nio.ch.SocketDispatcher.read(SocketDispatcher.java:39)
	at sun.nio.ch.IOUtil.readIntoNativeBuffer(IOUtil.java:223)
	at sun.nio.ch.IOUtil.read(IOUtil.java:197)
	at sun.nio.ch.SocketChannelImpl.read(SocketChannelImpl.java:379)
	at kafka.utils.Utils$.read(Utils.scala:380)
	at kafka.network.BoundedByteBufferReceive.readFrom(BoundedByteBufferReceive.scala:54)
	at kafka.network.Processor.read(SocketServer.scala:444)
	at kafka.network.Processor.run(SocketServer.scala:340)
	at java.lang.Thread.run(Thread.java:744)
[2015-03-27 14:40:32,102] ERROR Closing socket for /127.0.0.1 because of error (kafka.network.Processor:103)
java.io.IOException: Connection reset by peer
	at sun.nio.ch.FileDispatcherImpl.read0(Native Method)
	at sun.nio.ch.SocketDispatcher.read(SocketDispatcher.java:39)
	at sun.nio.ch.IOUtil.readIntoNativeBuffer(IOUtil.java:223)
	at sun.nio.ch.IOUtil.read(IOUtil.java:197)
	at sun.nio.ch.SocketChannelImpl.read(SocketChannelImpl.java:379)
	at kafka.utils.Utils$.read(Utils.scala:380)
	at kafka.network.BoundedByteBufferReceive.readFrom(BoundedByteBufferReceive.scala:54)
	at kafka.network.Processor.read(SocketServer.scala:444)
	at kafka.network.Processor.run(SocketServer.scala:340)
	at java.lang.Thread.run(Thread.java:744)
[2015-03-27 14:40:33,747] ERROR Failed to collate messages by topic, partition due to: Failed to fetch topic metadata for topic: topic1 (kafka.producer.async.DefaultEventHandler:97)
[2015-03-27 14:40:35,106] ERROR Closing socket for /127.0.0.1 because of error (kafka.network.Processor:103)
java.io.IOException: Connection reset by peer
	at sun.nio.ch.FileDispatcherImpl.read0(Native Method)
	at sun.nio.ch.SocketDispatcher.read(SocketDispatcher.java:39)
	at sun.nio.ch.IOUtil.readIntoNativeBuffer(IOUtil.java:223)
	at sun.nio.ch.IOUtil.read(IOUtil.java:197)
	at sun.nio.ch.SocketChannelImpl.read(SocketChannelImpl.java:379)
	at kafka.utils.Utils$.read(Utils.scala:380)
	at kafka.network.BoundedByteBufferReceive.readFrom(BoundedByteBufferReceive.scala:54)
	at kafka.network.Processor.read(SocketServer.scala:444)
	at kafka.network.Processor.run(SocketServer.scala:340)
	at java.lang.Thread.run(Thread.java:744)
[2015-03-27 14:40:35,106] ERROR Closing socket for /127.0.0.1 because of error (kafka.network.Processor:103)
java.io.IOException: Connection reset by peer
	at sun.nio.ch.FileDispatcherImpl.read0(Native Method)
	at sun.nio.ch.SocketDispatcher.read(SocketDispatcher.java:39)
	at sun.nio.ch.IOUtil.readIntoNativeBuffer(IOUtil.java:223)
	at sun.nio.ch.IOUtil.read(IOUtil.java:197)
	at sun.nio.ch.SocketChannelImpl.read(SocketChannelImpl.java:379)
	at kafka.utils.Utils$.read(Utils.scala:380)
	at kafka.network.BoundedByteBufferReceive.readFrom(BoundedByteBufferReceive.scala:54)
	at kafka.network.Processor.read(SocketServer.scala:444)
	at kafka.network.Processor.run(SocketServer.scala:340)
	at java.lang.Thread.run(Thread.java:744)
[2015-03-27 14:40:40,287] ERROR Closing socket for /127.0.0.1 because of error (kafka.network.Processor:103)
java.io.IOException: Connection reset by peer
	at sun.nio.ch.FileDispatcherImpl.read0(Native Method)
	at sun.nio.ch.SocketDispatcher.read(SocketDispatcher.java:39)
	at sun.nio.ch.IOUtil.readIntoNativeBuffer(IOUtil.java:223)
	at sun.nio.ch.IOUtil.read(IOUtil.java:197)
	at sun.nio.ch.SocketChannelImpl.read(SocketChannelImpl.java:379)
	at kafka.utils.Utils$.read(Utils.scala:380)
	at kafka.network.BoundedByteBufferReceive.readFrom(BoundedByteBufferReceive.scala:54)
	at kafka.network.Processor.read(SocketServer.scala:444)
	at kafka.network.Processor.run(SocketServer.scala:340)
	at java.lang.Thread.run(Thread.java:744)
[2015-03-27 14:40:40,299] ERROR Closing socket for /127.0.0.1 because of error (kafka.network.Processor:103)
java.io.IOException: Connection reset by peer
	at sun.nio.ch.FileDispatcherImpl.read0(Native Method)
	at sun.nio.ch.SocketDispatcher.read(SocketDispatcher.java:39)
	at sun.nio.ch.IOUtil.readIntoNativeBuffer(IOUtil.java:223)
	at sun.nio.ch.IOUtil.read(IOUtil.java:197)
	at sun.nio.ch.SocketChannelImpl.read(SocketChannelImpl.java:379)
	at kafka.utils.Utils$.read(Utils.scala:380)
	at kafka.network.BoundedByteBufferReceive.readFrom(BoundedByteBufferReceive.scala:54)
	at kafka.network.Processor.read(SocketServer.scala:444)
	at kafka.network.Processor.run(SocketServer.scala:340)
	at java.lang.Thread.run(Thread.java:744)
[2015-03-27 14:40:43,038] ERROR Failed to collate messages by topic, partition due to: Failed to fetch topic metadata for topic: topic1 (kafka.producer.async.DefaultEventHandler:97)
[2015-03-27 14:40:44,393] ERROR Closing socket for /127.0.0.1 because of error (kafka.network.Processor:103)
java.io.IOException: Connection reset by peer
	at sun.nio.ch.FileDispatcherImpl.read0(Native Method)
	at sun.nio.ch.SocketDispatcher.read(SocketDispatcher.java:39)
	at sun.nio.ch.IOUtil.readIntoNativeBuffer(IOUtil.java:223)
	at sun.nio.ch.IOUtil.read(IOUtil.java:197)
	at sun.nio.ch.SocketChannelImpl.read(SocketChannelImpl.java:379)
	at kafka.utils.Utils$.read(Utils.scala:380)
	at kafka.network.BoundedByteBufferReceive.readFrom(BoundedByteBufferReceive.scala:54)
	at kafka.network.Processor.read(SocketServer.scala:444)
	at kafka.network.Processor.run(SocketServer.scala:340)
	at java.lang.Thread.run(Thread.java:744)
[2015-03-27 14:40:44,499] ERROR Closing socket for /127.0.0.1 because of error (kafka.network.Processor:103)
java.io.IOException: Connection reset by peer
	at sun.nio.ch.FileDispatcherImpl.read0(Native Method)
	at sun.nio.ch.SocketDispatcher.read(SocketDispatcher.java:39)
	at sun.nio.ch.IOUtil.readIntoNativeBuffer(IOUtil.java:223)
	at sun.nio.ch.IOUtil.read(IOUtil.java:197)
	at sun.nio.ch.SocketChannelImpl.read(SocketChannelImpl.java:379)
	at kafka.utils.Utils$.read(Utils.scala:380)
	at kafka.network.BoundedByteBufferReceive.readFrom(BoundedByteBufferReceive.scala:54)
	at kafka.network.Processor.read(SocketServer.scala:444)
	at kafka.network.Processor.run(SocketServer.scala:340)
	at java.lang.Thread.run(Thread.java:744)
[2015-03-27 14:40:49,578] ERROR Closing socket for /127.0.0.1 because of error (kafka.network.Processor:103)
java.io.IOException: Connection reset by peer
	at sun.nio.ch.FileDispatcherImpl.read0(Native Method)
	at sun.nio.ch.SocketDispatcher.read(SocketDispatcher.java:39)
	at sun.nio.ch.IOUtil.readIntoNativeBuffer(IOUtil.java:223)
	at sun.nio.ch.IOUtil.read(IOUtil.java:197)
	at sun.nio.ch.SocketChannelImpl.read(SocketChannelImpl.java:379)
	at kafka.utils.Utils$.read(Utils.scala:380)
	at kafka.network.BoundedByteBufferReceive.readFrom(BoundedByteBufferReceive.scala:54)
	at kafka.network.Processor.read(SocketServer.scala:444)
	at kafka.network.Processor.run(SocketServer.scala:340)
	at java.lang.Thread.run(Thread.java:744)
[2015-03-27 14:40:49,905] ERROR Closing socket for /127.0.0.1 because of error (kafka.network.Processor:103)
java.io.IOException: Connection reset by peer
	at sun.nio.ch.FileDispatcherImpl.read0(Native Method)
	at sun.nio.ch.SocketDispatcher.read(SocketDispatcher.java:39)
	at sun.nio.ch.IOUtil.readIntoNativeBuffer(IOUtil.java:223)
	at sun.nio.ch.IOUtil.read(IOUtil.java:197)
	at sun.nio.ch.SocketChannelImpl.read(SocketChannelImpl.java:379)
	at kafka.utils.Utils$.read(Utils.scala:380)
	at kafka.network.BoundedByteBufferReceive.readFrom(BoundedByteBufferReceive.scala:54)
	at kafka.network.Processor.read(SocketServer.scala:444)
	at kafka.network.Processor.run(SocketServer.scala:340)
	at java.lang.Thread.run(Thread.java:744)
[2015-03-27 14:40:50,012] ERROR Closing socket for /127.0.0.1 because of error (kafka.network.Processor:103)
java.io.IOException: Connection reset by peer
	at sun.nio.ch.FileDispatcherImpl.read0(Native Method)
	at sun.nio.ch.SocketDispatcher.read(SocketDispatcher.java:39)
	at sun.nio.ch.IOUtil.readIntoNativeBuffer(IOUtil.java:223)
	at sun.nio.ch.IOUtil.read(IOUtil.java:197)
	at sun.nio.ch.SocketChannelImpl.read(SocketChannelImpl.java:379)
	at kafka.utils.Utils$.read(Utils.scala:380)
	at kafka.network.BoundedByteBufferReceive.readFrom(BoundedByteBufferReceive.scala:54)
	at kafka.network.Processor.read(SocketServer.scala:444)
	at kafka.network.Processor.run(SocketServer.scala:340)
	at java.lang.Thread.run(Thread.java:744)
]]></system-out>
  <system-err><![CDATA[]]></system-err>
</testsuite>
