<?xml version="1.0" encoding="UTF-8"?>
<testsuite name="kafka.server.LogOffsetTest" tests="5" skipped="0" failures="0" errors="0" timestamp="2015-03-27T21:44:05" hostname="airbears2-10-142-35-31.AirBears2.1918.Berkeley.EDU" time="4.827">
  <properties/>
  <testcase name="testGetOffsetsBeforeEarliestTime" classname="kafka.server.LogOffsetTest" time="1.044"/>
  <testcase name="testEmptyLogsGetOffsets" classname="kafka.server.LogOffsetTest" time="1.045"/>
  <testcase name="testGetOffsetsBeforeNow" classname="kafka.server.LogOffsetTest" time="1.041"/>
  <testcase name="testGetOffsetsBeforeLatestTime" classname="kafka.server.LogOffsetTest" time="0.846"/>
  <testcase name="testGetOffsetsForUnknownTopic" classname="kafka.server.LogOffsetTest" time="0.851"/>
  <system-out><![CDATA[]]></system-out>
  <system-err><![CDATA[]]></system-err>
</testsuite>
