<?xml version="1.0" encoding="UTF-8"?>
<testsuite name="kafka.log.LogManagerTest" tests="10" skipped="0" failures="0" errors="0" timestamp="2015-03-27T21:43:01" hostname="airbears2-10-142-35-31.AirBears2.1918.Berkeley.EDU" time="2.824">
  <properties/>
  <testcase name="testCleanupExpiredSegments" classname="kafka.log.LogManagerTest" time="2.699"/>
  <testcase name="testCleanupSegmentsToMaintainSize" classname="kafka.log.LogManagerTest" time="0.034"/>
  <testcase name="testGetNonExistentLog" classname="kafka.log.LogManagerTest" time="0.002"/>
  <testcase name="testLeastLoadedAssignment" classname="kafka.log.LogManagerTest" time="0.033"/>
  <testcase name="testTwoLogManagersUsingSameDirFails" classname="kafka.log.LogManagerTest" time="0.001"/>
  <testcase name="testCheckpointRecoveryPoints" classname="kafka.log.LogManagerTest" time="0.015"/>
  <testcase name="testRecoveryDirectoryMappingWithTrailingSlash" classname="kafka.log.LogManagerTest" time="0.008"/>
  <testcase name="testRecoveryDirectoryMappingWithRelativeDirectory" classname="kafka.log.LogManagerTest" time="0.007"/>
  <testcase name="testTimeBasedFlush" classname="kafka.log.LogManagerTest" time="0.015"/>
  <testcase name="testCreateLog" classname="kafka.log.LogManagerTest" time="0.006"/>
  <system-out><![CDATA[[2015-03-27 14:43:01,483] WARN Session 0x14c5d30232f0007 for server null, unexpected error, closing socket connection and attempting reconnect (org.apache.zookeeper.ClientCnxn:1102)
java.net.ConnectException: Connection refused
	at sun.nio.ch.SocketChannelImpl.checkConnect(Native Method)
	at sun.nio.ch.SocketChannelImpl.finishConnect(SocketChannelImpl.java:739)
	at org.apache.zookeeper.ClientCnxnSocketNIO.doTransport(ClientCnxnSocketNIO.java:361)
	at org.apache.zookeeper.ClientCnxn$SendThread.run(ClientCnxn.java:1081)
[2015-03-27 14:43:01,547] WARN Session 0x14c5d30232f0006 for server null, unexpected error, closing socket connection and attempting reconnect (org.apache.zookeeper.ClientCnxn:1102)
java.net.ConnectException: Connection refused
	at sun.nio.ch.SocketChannelImpl.checkConnect(Native Method)
	at sun.nio.ch.SocketChannelImpl.finishConnect(SocketChannelImpl.java:739)
	at org.apache.zookeeper.ClientCnxnSocketNIO.doTransport(ClientCnxnSocketNIO.java:361)
	at org.apache.zookeeper.ClientCnxn$SendThread.run(ClientCnxn.java:1081)
[2015-03-27 14:43:01,558] WARN Session 0x14c5d30232f0010 for server null, unexpected error, closing socket connection and attempting reconnect (org.apache.zookeeper.ClientCnxn:1102)
java.net.ConnectException: Connection refused
	at sun.nio.ch.SocketChannelImpl.checkConnect(Native Method)
	at sun.nio.ch.SocketChannelImpl.finishConnect(SocketChannelImpl.java:739)
	at org.apache.zookeeper.ClientCnxnSocketNIO.doTransport(ClientCnxnSocketNIO.java:361)
	at org.apache.zookeeper.ClientCnxn$SendThread.run(ClientCnxn.java:1081)
[2015-03-27 14:43:01,606] WARN Session 0x14c5d30232f0004 for server null, unexpected error, closing socket connection and attempting reconnect (org.apache.zookeeper.ClientCnxn:1102)
java.net.ConnectException: Connection refused
	at sun.nio.ch.SocketChannelImpl.checkConnect(Native Method)
	at sun.nio.ch.SocketChannelImpl.finishConnect(SocketChannelImpl.java:739)
	at org.apache.zookeeper.ClientCnxnSocketNIO.doTransport(ClientCnxnSocketNIO.java:361)
	at org.apache.zookeeper.ClientCnxn$SendThread.run(ClientCnxn.java:1081)
[2015-03-27 14:43:01,619] WARN Session 0x14c5d30232f0016 for server null, unexpected error, closing socket connection and attempting reconnect (org.apache.zookeeper.ClientCnxn:1102)
java.net.ConnectException: Connection refused
	at sun.nio.ch.SocketChannelImpl.checkConnect(Native Method)
	at sun.nio.ch.SocketChannelImpl.finishConnect(SocketChannelImpl.java:739)
	at org.apache.zookeeper.ClientCnxnSocketNIO.doTransport(ClientCnxnSocketNIO.java:361)
	at org.apache.zookeeper.ClientCnxn$SendThread.run(ClientCnxn.java:1081)
[2015-03-27 14:43:01,638] WARN Session 0x14c5d30232f000e for server null, unexpected error, closing socket connection and attempting reconnect (org.apache.zookeeper.ClientCnxn:1102)
java.net.ConnectException: Connection refused
	at sun.nio.ch.SocketChannelImpl.checkConnect(Native Method)
	at sun.nio.ch.SocketChannelImpl.finishConnect(SocketChannelImpl.java:739)
	at org.apache.zookeeper.ClientCnxnSocketNIO.doTransport(ClientCnxnSocketNIO.java:361)
	at org.apache.zookeeper.ClientCnxn$SendThread.run(ClientCnxn.java:1081)
[2015-03-27 14:43:01,799] WARN Session 0x14c5d30232f000d for server null, unexpected error, closing socket connection and attempting reconnect (org.apache.zookeeper.ClientCnxn:1102)
java.net.ConnectException: Connection refused
	at sun.nio.ch.SocketChannelImpl.checkConnect(Native Method)
	at sun.nio.ch.SocketChannelImpl.finishConnect(SocketChannelImpl.java:739)
	at org.apache.zookeeper.ClientCnxnSocketNIO.doTransport(ClientCnxnSocketNIO.java:361)
	at org.apache.zookeeper.ClientCnxn$SendThread.run(ClientCnxn.java:1081)
[2015-03-27 14:43:01,968] WARN Session 0x14c5d30232f0013 for server null, unexpected error, closing socket connection and attempting reconnect (org.apache.zookeeper.ClientCnxn:1102)
java.net.ConnectException: Connection refused
	at sun.nio.ch.SocketChannelImpl.checkConnect(Native Method)
	at sun.nio.ch.SocketChannelImpl.finishConnect(SocketChannelImpl.java:739)
	at org.apache.zookeeper.ClientCnxnSocketNIO.doTransport(ClientCnxnSocketNIO.java:361)
	at org.apache.zookeeper.ClientCnxn$SendThread.run(ClientCnxn.java:1081)
[2015-03-27 14:43:02,067] WARN Session 0x14c5d30232f000c for server null, unexpected error, closing socket connection and attempting reconnect (org.apache.zookeeper.ClientCnxn:1102)
java.net.ConnectException: Connection refused
	at sun.nio.ch.SocketChannelImpl.checkConnect(Native Method)
	at sun.nio.ch.SocketChannelImpl.finishConnect(SocketChannelImpl.java:739)
	at org.apache.zookeeper.ClientCnxnSocketNIO.doTransport(ClientCnxnSocketNIO.java:361)
	at org.apache.zookeeper.ClientCnxn$SendThread.run(ClientCnxn.java:1081)
[2015-03-27 14:43:02,144] WARN Session 0x14c5d30232f000f for server null, unexpected error, closing socket connection and attempting reconnect (org.apache.zookeeper.ClientCnxn:1102)
java.net.ConnectException: Connection refused
	at sun.nio.ch.SocketChannelImpl.checkConnect(Native Method)
	at sun.nio.ch.SocketChannelImpl.finishConnect(SocketChannelImpl.java:739)
	at org.apache.zookeeper.ClientCnxnSocketNIO.doTransport(ClientCnxnSocketNIO.java:361)
	at org.apache.zookeeper.ClientCnxn$SendThread.run(ClientCnxn.java:1081)
[2015-03-27 14:43:02,182] WARN Session 0x14c5d30232f0008 for server null, unexpected error, closing socket connection and attempting reconnect (org.apache.zookeeper.ClientCnxn:1102)
java.net.ConnectException: Connection refused
	at sun.nio.ch.SocketChannelImpl.checkConnect(Native Method)
	at sun.nio.ch.SocketChannelImpl.finishConnect(SocketChannelImpl.java:739)
	at org.apache.zookeeper.ClientCnxnSocketNIO.doTransport(ClientCnxnSocketNIO.java:361)
	at org.apache.zookeeper.ClientCnxn$SendThread.run(ClientCnxn.java:1081)
[2015-03-27 14:43:02,195] WARN Session 0x14c5d30232f0015 for server null, unexpected error, closing socket connection and attempting reconnect (org.apache.zookeeper.ClientCnxn:1102)
java.net.ConnectException: Connection refused
	at sun.nio.ch.SocketChannelImpl.checkConnect(Native Method)
	at sun.nio.ch.SocketChannelImpl.finishConnect(SocketChannelImpl.java:739)
	at org.apache.zookeeper.ClientCnxnSocketNIO.doTransport(ClientCnxnSocketNIO.java:361)
	at org.apache.zookeeper.ClientCnxn$SendThread.run(ClientCnxn.java:1081)
[2015-03-27 14:43:02,245] WARN Session 0x14c5d30232f0009 for server null, unexpected error, closing socket connection and attempting reconnect (org.apache.zookeeper.ClientCnxn:1102)
java.net.ConnectException: Connection refused
	at sun.nio.ch.SocketChannelImpl.checkConnect(Native Method)
	at sun.nio.ch.SocketChannelImpl.finishConnect(SocketChannelImpl.java:739)
	at org.apache.zookeeper.ClientCnxnSocketNIO.doTransport(ClientCnxnSocketNIO.java:361)
	at org.apache.zookeeper.ClientCnxn$SendThread.run(ClientCnxn.java:1081)
[2015-03-27 14:43:02,312] WARN Session 0x14c5d30232f0017 for server null, unexpected error, closing socket connection and attempting reconnect (org.apache.zookeeper.ClientCnxn:1102)
java.net.ConnectException: Connection refused
	at sun.nio.ch.SocketChannelImpl.checkConnect(Native Method)
	at sun.nio.ch.SocketChannelImpl.finishConnect(SocketChannelImpl.java:739)
	at org.apache.zookeeper.ClientCnxnSocketNIO.doTransport(ClientCnxnSocketNIO.java:361)
	at org.apache.zookeeper.ClientCnxn$SendThread.run(ClientCnxn.java:1081)
[2015-03-27 14:43:02,313] WARN Session 0x14c5d30232f0011 for server null, unexpected error, closing socket connection and attempting reconnect (org.apache.zookeeper.ClientCnxn:1102)
java.net.ConnectException: Connection refused
	at sun.nio.ch.SocketChannelImpl.checkConnect(Native Method)
	at sun.nio.ch.SocketChannelImpl.finishConnect(SocketChannelImpl.java:739)
	at org.apache.zookeeper.ClientCnxnSocketNIO.doTransport(ClientCnxnSocketNIO.java:361)
	at org.apache.zookeeper.ClientCnxn$SendThread.run(ClientCnxn.java:1081)
[2015-03-27 14:43:02,344] WARN Session 0x14c5d30232f0012 for server null, unexpected error, closing socket connection and attempting reconnect (org.apache.zookeeper.ClientCnxn:1102)
java.net.ConnectException: Connection refused
	at sun.nio.ch.SocketChannelImpl.checkConnect(Native Method)
	at sun.nio.ch.SocketChannelImpl.finishConnect(SocketChannelImpl.java:739)
	at org.apache.zookeeper.ClientCnxnSocketNIO.doTransport(ClientCnxnSocketNIO.java:361)
	at org.apache.zookeeper.ClientCnxn$SendThread.run(ClientCnxn.java:1081)
[2015-03-27 14:43:02,364] WARN Session 0x14c5d30232f000b for server null, unexpected error, closing socket connection and attempting reconnect (org.apache.zookeeper.ClientCnxn:1102)
java.net.ConnectException: Connection refused
	at sun.nio.ch.SocketChannelImpl.checkConnect(Native Method)
	at sun.nio.ch.SocketChannelImpl.finishConnect(SocketChannelImpl.java:739)
	at org.apache.zookeeper.ClientCnxnSocketNIO.doTransport(ClientCnxnSocketNIO.java:361)
	at org.apache.zookeeper.ClientCnxn$SendThread.run(ClientCnxn.java:1081)
[2015-03-27 14:43:02,402] WARN Session 0x14c5d30232f000a for server null, unexpected error, closing socket connection and attempting reconnect (org.apache.zookeeper.ClientCnxn:1102)
java.net.ConnectException: Connection refused
	at sun.nio.ch.SocketChannelImpl.checkConnect(Native Method)
	at sun.nio.ch.SocketChannelImpl.finishConnect(SocketChannelImpl.java:739)
	at org.apache.zookeeper.ClientCnxnSocketNIO.doTransport(ClientCnxnSocketNIO.java:361)
	at org.apache.zookeeper.ClientCnxn$SendThread.run(ClientCnxn.java:1081)
[2015-03-27 14:43:02,424] WARN Session 0x14c5d30232f0005 for server null, unexpected error, closing socket connection and attempting reconnect (org.apache.zookeeper.ClientCnxn:1102)
java.net.ConnectException: Connection refused
	at sun.nio.ch.SocketChannelImpl.checkConnect(Native Method)
	at sun.nio.ch.SocketChannelImpl.finishConnect(SocketChannelImpl.java:739)
	at org.apache.zookeeper.ClientCnxnSocketNIO.doTransport(ClientCnxnSocketNIO.java:361)
	at org.apache.zookeeper.ClientCnxn$SendThread.run(ClientCnxn.java:1081)
[2015-03-27 14:43:02,435] WARN Session 0x14c5d30232f0014 for server null, unexpected error, closing socket connection and attempting reconnect (org.apache.zookeeper.ClientCnxn:1102)
java.net.ConnectException: Connection refused
	at sun.nio.ch.SocketChannelImpl.checkConnect(Native Method)
	at sun.nio.ch.SocketChannelImpl.finishConnect(SocketChannelImpl.java:739)
	at org.apache.zookeeper.ClientCnxnSocketNIO.doTransport(ClientCnxnSocketNIO.java:361)
	at org.apache.zookeeper.ClientCnxn$SendThread.run(ClientCnxn.java:1081)
[2015-03-27 14:43:02,735] WARN Session 0x14c5d30232f0004 for server null, unexpected error, closing socket connection and attempting reconnect (org.apache.zookeeper.ClientCnxn:1102)
java.net.ConnectException: Connection refused
	at sun.nio.ch.SocketChannelImpl.checkConnect(Native Method)
	at sun.nio.ch.SocketChannelImpl.finishConnect(SocketChannelImpl.java:739)
	at org.apache.zookeeper.ClientCnxnSocketNIO.doTransport(ClientCnxnSocketNIO.java:361)
	at org.apache.zookeeper.ClientCnxn$SendThread.run(ClientCnxn.java:1081)
[2015-03-27 14:43:02,895] WARN Session 0x14c5d30232f0016 for server null, unexpected error, closing socket connection and attempting reconnect (org.apache.zookeeper.ClientCnxn:1102)
java.net.ConnectException: Connection refused
	at sun.nio.ch.SocketChannelImpl.checkConnect(Native Method)
	at sun.nio.ch.SocketChannelImpl.finishConnect(SocketChannelImpl.java:739)
	at org.apache.zookeeper.ClientCnxnSocketNIO.doTransport(ClientCnxnSocketNIO.java:361)
	at org.apache.zookeeper.ClientCnxn$SendThread.run(ClientCnxn.java:1081)
[2015-03-27 14:43:03,030] WARN Session 0x14c5d30232f000e for server null, unexpected error, closing socket connection and attempting reconnect (org.apache.zookeeper.ClientCnxn:1102)
java.net.ConnectException: Connection refused
	at sun.nio.ch.SocketChannelImpl.checkConnect(Native Method)
	at sun.nio.ch.SocketChannelImpl.finishConnect(SocketChannelImpl.java:739)
	at org.apache.zookeeper.ClientCnxnSocketNIO.doTransport(ClientCnxnSocketNIO.java:361)
	at org.apache.zookeeper.ClientCnxn$SendThread.run(ClientCnxn.java:1081)
[2015-03-27 14:43:03,305] WARN Session 0x14c5d30232f0007 for server null, unexpected error, closing socket connection and attempting reconnect (org.apache.zookeeper.ClientCnxn:1102)
java.net.ConnectException: Connection refused
	at sun.nio.ch.SocketChannelImpl.checkConnect(Native Method)
	at sun.nio.ch.SocketChannelImpl.finishConnect(SocketChannelImpl.java:739)
	at org.apache.zookeeper.ClientCnxnSocketNIO.doTransport(ClientCnxnSocketNIO.java:361)
	at org.apache.zookeeper.ClientCnxn$SendThread.run(ClientCnxn.java:1081)
[2015-03-27 14:43:03,425] WARN Session 0x14c5d30232f0010 for server null, unexpected error, closing socket connection and attempting reconnect (org.apache.zookeeper.ClientCnxn:1102)
java.net.ConnectException: Connection refused
	at sun.nio.ch.SocketChannelImpl.checkConnect(Native Method)
	at sun.nio.ch.SocketChannelImpl.finishConnect(SocketChannelImpl.java:739)
	at org.apache.zookeeper.ClientCnxnSocketNIO.doTransport(ClientCnxnSocketNIO.java:361)
	at org.apache.zookeeper.ClientCnxn$SendThread.run(ClientCnxn.java:1081)
[2015-03-27 14:43:03,483] WARN Session 0x14c5d30232f000c for server null, unexpected error, closing socket connection and attempting reconnect (org.apache.zookeeper.ClientCnxn:1102)
java.net.ConnectException: Connection refused
	at sun.nio.ch.SocketChannelImpl.checkConnect(Native Method)
	at sun.nio.ch.SocketChannelImpl.finishConnect(SocketChannelImpl.java:739)
	at org.apache.zookeeper.ClientCnxnSocketNIO.doTransport(ClientCnxnSocketNIO.java:361)
	at org.apache.zookeeper.ClientCnxn$SendThread.run(ClientCnxn.java:1081)
[2015-03-27 14:43:03,519] WARN Session 0x14c5d30232f0006 for server null, unexpected error, closing socket connection and attempting reconnect (org.apache.zookeeper.ClientCnxn:1102)
java.net.ConnectException: Connection refused
	at sun.nio.ch.SocketChannelImpl.checkConnect(Native Method)
	at sun.nio.ch.SocketChannelImpl.finishConnect(SocketChannelImpl.java:739)
	at org.apache.zookeeper.ClientCnxnSocketNIO.doTransport(ClientCnxnSocketNIO.java:361)
	at org.apache.zookeeper.ClientCnxn$SendThread.run(ClientCnxn.java:1081)
[2015-03-27 14:43:03,559] WARN Session 0x14c5d30232f0017 for server null, unexpected error, closing socket connection and attempting reconnect (org.apache.zookeeper.ClientCnxn:1102)
java.net.ConnectException: Connection refused
	at sun.nio.ch.SocketChannelImpl.checkConnect(Native Method)
	at sun.nio.ch.SocketChannelImpl.finishConnect(SocketChannelImpl.java:739)
	at org.apache.zookeeper.ClientCnxnSocketNIO.doTransport(ClientCnxnSocketNIO.java:361)
	at org.apache.zookeeper.ClientCnxn$SendThread.run(ClientCnxn.java:1081)
[2015-03-27 14:43:03,567] WARN Session 0x14c5d30232f000f for server null, unexpected error, closing socket connection and attempting reconnect (org.apache.zookeeper.ClientCnxn:1102)
java.net.ConnectException: Connection refused
	at sun.nio.ch.SocketChannelImpl.checkConnect(Native Method)
	at sun.nio.ch.SocketChannelImpl.finishConnect(SocketChannelImpl.java:739)
	at org.apache.zookeeper.ClientCnxnSocketNIO.doTransport(ClientCnxnSocketNIO.java:361)
	at org.apache.zookeeper.ClientCnxn$SendThread.run(ClientCnxn.java:1081)
[2015-03-27 14:43:03,630] WARN Session 0x14c5d30232f0013 for server null, unexpected error, closing socket connection and attempting reconnect (org.apache.zookeeper.ClientCnxn:1102)
java.net.ConnectException: Connection refused
	at sun.nio.ch.SocketChannelImpl.checkConnect(Native Method)
	at sun.nio.ch.SocketChannelImpl.finishConnect(SocketChannelImpl.java:739)
	at org.apache.zookeeper.ClientCnxnSocketNIO.doTransport(ClientCnxnSocketNIO.java:361)
	at org.apache.zookeeper.ClientCnxn$SendThread.run(ClientCnxn.java:1081)
[2015-03-27 14:43:03,642] WARN Session 0x14c5d30232f000b for server null, unexpected error, closing socket connection and attempting reconnect (org.apache.zookeeper.ClientCnxn:1102)
java.net.ConnectException: Connection refused
	at sun.nio.ch.SocketChannelImpl.checkConnect(Native Method)
	at sun.nio.ch.SocketChannelImpl.finishConnect(SocketChannelImpl.java:739)
	at org.apache.zookeeper.ClientCnxnSocketNIO.doTransport(ClientCnxnSocketNIO.java:361)
	at org.apache.zookeeper.ClientCnxn$SendThread.run(ClientCnxn.java:1081)
[2015-03-27 14:43:03,682] WARN Session 0x14c5d30232f0011 for server null, unexpected error, closing socket connection and attempting reconnect (org.apache.zookeeper.ClientCnxn:1102)
java.net.ConnectException: Connection refused
	at sun.nio.ch.SocketChannelImpl.checkConnect(Native Method)
	at sun.nio.ch.SocketChannelImpl.finishConnect(SocketChannelImpl.java:739)
	at org.apache.zookeeper.ClientCnxnSocketNIO.doTransport(ClientCnxnSocketNIO.java:361)
	at org.apache.zookeeper.ClientCnxn$SendThread.run(ClientCnxn.java:1081)
[2015-03-27 14:43:03,768] WARN Session 0x14c5d30232f000d for server null, unexpected error, closing socket connection and attempting reconnect (org.apache.zookeeper.ClientCnxn:1102)
java.net.ConnectException: Connection refused
	at sun.nio.ch.SocketChannelImpl.checkConnect(Native Method)
	at sun.nio.ch.SocketChannelImpl.finishConnect(SocketChannelImpl.java:739)
	at org.apache.zookeeper.ClientCnxnSocketNIO.doTransport(ClientCnxnSocketNIO.java:361)
	at org.apache.zookeeper.ClientCnxn$SendThread.run(ClientCnxn.java:1081)
[2015-03-27 14:43:03,806] WARN Session 0x14c5d30232f0005 for server null, unexpected error, closing socket connection and attempting reconnect (org.apache.zookeeper.ClientCnxn:1102)
java.net.ConnectException: Connection refused
	at sun.nio.ch.SocketChannelImpl.checkConnect(Native Method)
	at sun.nio.ch.SocketChannelImpl.finishConnect(SocketChannelImpl.java:739)
	at org.apache.zookeeper.ClientCnxnSocketNIO.doTransport(ClientCnxnSocketNIO.java:361)
	at org.apache.zookeeper.ClientCnxn$SendThread.run(ClientCnxn.java:1081)
[2015-03-27 14:43:03,873] WARN Session 0x14c5d30232f0009 for server null, unexpected error, closing socket connection and attempting reconnect (org.apache.zookeeper.ClientCnxn:1102)
java.net.ConnectException: Connection refused
	at sun.nio.ch.SocketChannelImpl.checkConnect(Native Method)
	at sun.nio.ch.SocketChannelImpl.finishConnect(SocketChannelImpl.java:739)
	at org.apache.zookeeper.ClientCnxnSocketNIO.doTransport(ClientCnxnSocketNIO.java:361)
	at org.apache.zookeeper.ClientCnxn$SendThread.run(ClientCnxn.java:1081)
]]></system-out>
  <system-err><![CDATA[]]></system-err>
</testsuite>
