<?xml version="1.0" encoding="UTF-8"?>
<testsuite name="org.apache.kafka.common.metrics.MetricsTest" tests="10" skipped="0" failures="0" errors="0" timestamp="2015-03-27T21:35:06" hostname="airbears2-10-142-35-31.AirBears2.1918.Berkeley.EDU" time="0.04">
  <properties/>
  <testcase name="testMetricName" classname="org.apache.kafka.common.metrics.MetricsTest" time="0.001"/>
  <testcase name="testSimpleStats" classname="org.apache.kafka.common.metrics.MetricsTest" time="0.01"/>
  <testcase name="testHierarchicalSensors" classname="org.apache.kafka.common.metrics.MetricsTest" time="0.003"/>
  <testcase name="testBadSensorHiearchy" classname="org.apache.kafka.common.metrics.MetricsTest" time="0.002"/>
  <testcase name="testEventWindowing" classname="org.apache.kafka.common.metrics.MetricsTest" time="0.0"/>
  <testcase name="testTimeWindowing" classname="org.apache.kafka.common.metrics.MetricsTest" time="0.001"/>
  <testcase name="testOldDataHasNoEffect" classname="org.apache.kafka.common.metrics.MetricsTest" time="0.001"/>
  <testcase name="testDuplicateMetricName" classname="org.apache.kafka.common.metrics.MetricsTest" time="0.003"/>
  <testcase name="testQuotas" classname="org.apache.kafka.common.metrics.MetricsTest" time="0.002"/>
  <testcase name="testPercentiles" classname="org.apache.kafka.common.metrics.MetricsTest" time="0.011"/>
  <system-out><![CDATA[]]></system-out>
  <system-err><![CDATA[]]></system-err>
</testsuite>
