<?xml version="1.0" encoding="UTF-8"?>
<testsuite name="org.apache.kafka.common.utils.UtilsTest" tests="5" skipped="0" failures="0" errors="0" timestamp="2015-03-27T21:35:07" hostname="airbears2-10-142-35-31.AirBears2.1918.Berkeley.EDU" time="0.006">
  <properties/>
  <testcase name="testJoin" classname="org.apache.kafka.common.utils.UtilsTest" time="0.0"/>
  <testcase name="testAbs" classname="org.apache.kafka.common.utils.UtilsTest" time="0.0"/>
  <testcase name="testGetHost" classname="org.apache.kafka.common.utils.UtilsTest" time="0.001"/>
  <testcase name="testFormatAddress" classname="org.apache.kafka.common.utils.UtilsTest" time="0.001"/>
  <testcase name="testGetPort" classname="org.apache.kafka.common.utils.UtilsTest" time="0.001"/>
  <system-out><![CDATA[]]></system-out>
  <system-err><![CDATA[]]></system-err>
</testsuite>
