<?xml version="1.0" encoding="UTF-8"?>
<testsuite name="org.apache.kafka.common.record.RecordTest" tests="192" skipped="0" failures="0" errors="0" timestamp="2015-03-27T21:35:06" hostname="airbears2-10-142-35-31.AirBears2.1918.Berkeley.EDU" time="0.865">
  <properties/>
  <testcase name="testFields[0]" classname="org.apache.kafka.common.record.RecordTest" time="0.0"/>
  <testcase name="testChecksum[0]" classname="org.apache.kafka.common.record.RecordTest" time="0.0"/>
  <testcase name="testEquality[0]" classname="org.apache.kafka.common.record.RecordTest" time="0.0"/>
  <testcase name="testFields[1]" classname="org.apache.kafka.common.record.RecordTest" time="0.0"/>
  <testcase name="testChecksum[1]" classname="org.apache.kafka.common.record.RecordTest" time="0.0"/>
  <testcase name="testEquality[1]" classname="org.apache.kafka.common.record.RecordTest" time="0.0"/>
  <testcase name="testFields[2]" classname="org.apache.kafka.common.record.RecordTest" time="0.0"/>
  <testcase name="testChecksum[2]" classname="org.apache.kafka.common.record.RecordTest" time="0.0"/>
  <testcase name="testEquality[2]" classname="org.apache.kafka.common.record.RecordTest" time="0.0"/>
  <testcase name="testFields[3]" classname="org.apache.kafka.common.record.RecordTest" time="0.0"/>
  <testcase name="testChecksum[3]" classname="org.apache.kafka.common.record.RecordTest" time="0.0"/>
  <testcase name="testEquality[3]" classname="org.apache.kafka.common.record.RecordTest" time="0.0"/>
  <testcase name="testFields[4]" classname="org.apache.kafka.common.record.RecordTest" time="0.0"/>
  <testcase name="testChecksum[4]" classname="org.apache.kafka.common.record.RecordTest" time="0.001"/>
  <testcase name="testEquality[4]" classname="org.apache.kafka.common.record.RecordTest" time="0.0"/>
  <testcase name="testFields[5]" classname="org.apache.kafka.common.record.RecordTest" time="0.001"/>
  <testcase name="testChecksum[5]" classname="org.apache.kafka.common.record.RecordTest" time="0.0"/>
  <testcase name="testEquality[5]" classname="org.apache.kafka.common.record.RecordTest" time="0.001"/>
  <testcase name="testFields[6]" classname="org.apache.kafka.common.record.RecordTest" time="0.0"/>
  <testcase name="testChecksum[6]" classname="org.apache.kafka.common.record.RecordTest" time="0.001"/>
  <testcase name="testEquality[6]" classname="org.apache.kafka.common.record.RecordTest" time="0.0"/>
  <testcase name="testFields[7]" classname="org.apache.kafka.common.record.RecordTest" time="0.0"/>
  <testcase name="testChecksum[7]" classname="org.apache.kafka.common.record.RecordTest" time="0.0"/>
  <testcase name="testEquality[7]" classname="org.apache.kafka.common.record.RecordTest" time="0.0"/>
  <testcase name="testFields[8]" classname="org.apache.kafka.common.record.RecordTest" time="0.0"/>
  <testcase name="testChecksum[8]" classname="org.apache.kafka.common.record.RecordTest" time="0.001"/>
  <testcase name="testEquality[8]" classname="org.apache.kafka.common.record.RecordTest" time="0.0"/>
  <testcase name="testFields[9]" classname="org.apache.kafka.common.record.RecordTest" time="0.0"/>
  <testcase name="testChecksum[9]" classname="org.apache.kafka.common.record.RecordTest" time="0.0"/>
  <testcase name="testEquality[9]" classname="org.apache.kafka.common.record.RecordTest" time="0.0"/>
  <testcase name="testFields[10]" classname="org.apache.kafka.common.record.RecordTest" time="0.0"/>
  <testcase name="testChecksum[10]" classname="org.apache.kafka.common.record.RecordTest" time="0.001"/>
  <testcase name="testEquality[10]" classname="org.apache.kafka.common.record.RecordTest" time="0.0"/>
  <testcase name="testFields[11]" classname="org.apache.kafka.common.record.RecordTest" time="0.0"/>
  <testcase name="testChecksum[11]" classname="org.apache.kafka.common.record.RecordTest" time="0.0"/>
  <testcase name="testEquality[11]" classname="org.apache.kafka.common.record.RecordTest" time="0.0"/>
  <testcase name="testFields[12]" classname="org.apache.kafka.common.record.RecordTest" time="0.0"/>
  <testcase name="testChecksum[12]" classname="org.apache.kafka.common.record.RecordTest" time="0.043"/>
  <testcase name="testEquality[12]" classname="org.apache.kafka.common.record.RecordTest" time="0.0"/>
  <testcase name="testFields[13]" classname="org.apache.kafka.common.record.RecordTest" time="0.0"/>
  <testcase name="testChecksum[13]" classname="org.apache.kafka.common.record.RecordTest" time="0.052"/>
  <testcase name="testEquality[13]" classname="org.apache.kafka.common.record.RecordTest" time="0.0"/>
  <testcase name="testFields[14]" classname="org.apache.kafka.common.record.RecordTest" time="0.0"/>
  <testcase name="testChecksum[14]" classname="org.apache.kafka.common.record.RecordTest" time="0.052"/>
  <testcase name="testEquality[14]" classname="org.apache.kafka.common.record.RecordTest" time="0.002"/>
  <testcase name="testFields[15]" classname="org.apache.kafka.common.record.RecordTest" time="0.001"/>
  <testcase name="testChecksum[15]" classname="org.apache.kafka.common.record.RecordTest" time="0.023"/>
  <testcase name="testEquality[15]" classname="org.apache.kafka.common.record.RecordTest" time="0.003"/>
  <testcase name="testFields[16]" classname="org.apache.kafka.common.record.RecordTest" time="0.0"/>
  <testcase name="testChecksum[16]" classname="org.apache.kafka.common.record.RecordTest" time="0.001"/>
  <testcase name="testEquality[16]" classname="org.apache.kafka.common.record.RecordTest" time="0.001"/>
  <testcase name="testFields[17]" classname="org.apache.kafka.common.record.RecordTest" time="0.008"/>
  <testcase name="testChecksum[17]" classname="org.apache.kafka.common.record.RecordTest" time="0.0"/>
  <testcase name="testEquality[17]" classname="org.apache.kafka.common.record.RecordTest" time="0.0"/>
  <testcase name="testFields[18]" classname="org.apache.kafka.common.record.RecordTest" time="0.001"/>
  <testcase name="testChecksum[18]" classname="org.apache.kafka.common.record.RecordTest" time="0.003"/>
  <testcase name="testEquality[18]" classname="org.apache.kafka.common.record.RecordTest" time="0.001"/>
  <testcase name="testFields[19]" classname="org.apache.kafka.common.record.RecordTest" time="0.001"/>
  <testcase name="testChecksum[19]" classname="org.apache.kafka.common.record.RecordTest" time="0.001"/>
  <testcase name="testEquality[19]" classname="org.apache.kafka.common.record.RecordTest" time="0.0"/>
  <testcase name="testFields[20]" classname="org.apache.kafka.common.record.RecordTest" time="0.001"/>
  <testcase name="testChecksum[20]" classname="org.apache.kafka.common.record.RecordTest" time="0.001"/>
  <testcase name="testEquality[20]" classname="org.apache.kafka.common.record.RecordTest" time="0.0"/>
  <testcase name="testFields[21]" classname="org.apache.kafka.common.record.RecordTest" time="0.0"/>
  <testcase name="testChecksum[21]" classname="org.apache.kafka.common.record.RecordTest" time="0.001"/>
  <testcase name="testEquality[21]" classname="org.apache.kafka.common.record.RecordTest" time="0.0"/>
  <testcase name="testFields[22]" classname="org.apache.kafka.common.record.RecordTest" time="0.0"/>
  <testcase name="testChecksum[22]" classname="org.apache.kafka.common.record.RecordTest" time="0.001"/>
  <testcase name="testEquality[22]" classname="org.apache.kafka.common.record.RecordTest" time="0.0"/>
  <testcase name="testFields[23]" classname="org.apache.kafka.common.record.RecordTest" time="0.0"/>
  <testcase name="testChecksum[23]" classname="org.apache.kafka.common.record.RecordTest" time="0.0"/>
  <testcase name="testEquality[23]" classname="org.apache.kafka.common.record.RecordTest" time="0.0"/>
  <testcase name="testFields[24]" classname="org.apache.kafka.common.record.RecordTest" time="0.0"/>
  <testcase name="testChecksum[24]" classname="org.apache.kafka.common.record.RecordTest" time="0.0"/>
  <testcase name="testEquality[24]" classname="org.apache.kafka.common.record.RecordTest" time="0.0"/>
  <testcase name="testFields[25]" classname="org.apache.kafka.common.record.RecordTest" time="0.0"/>
  <testcase name="testChecksum[25]" classname="org.apache.kafka.common.record.RecordTest" time="0.001"/>
  <testcase name="testEquality[25]" classname="org.apache.kafka.common.record.RecordTest" time="0.0"/>
  <testcase name="testFields[26]" classname="org.apache.kafka.common.record.RecordTest" time="0.001"/>
  <testcase name="testChecksum[26]" classname="org.apache.kafka.common.record.RecordTest" time="0.0"/>
  <testcase name="testEquality[26]" classname="org.apache.kafka.common.record.RecordTest" time="0.0"/>
  <testcase name="testFields[27]" classname="org.apache.kafka.common.record.RecordTest" time="0.001"/>
  <testcase name="testChecksum[27]" classname="org.apache.kafka.common.record.RecordTest" time="0.0"/>
  <testcase name="testEquality[27]" classname="org.apache.kafka.common.record.RecordTest" time="0.0"/>
  <testcase name="testFields[28]" classname="org.apache.kafka.common.record.RecordTest" time="0.0"/>
  <testcase name="testChecksum[28]" classname="org.apache.kafka.common.record.RecordTest" time="0.029"/>
  <testcase name="testEquality[28]" classname="org.apache.kafka.common.record.RecordTest" time="0.001"/>
  <testcase name="testFields[29]" classname="org.apache.kafka.common.record.RecordTest" time="0.004"/>
  <testcase name="testChecksum[29]" classname="org.apache.kafka.common.record.RecordTest" time="0.02"/>
  <testcase name="testEquality[29]" classname="org.apache.kafka.common.record.RecordTest" time="0.0"/>
  <testcase name="testFields[30]" classname="org.apache.kafka.common.record.RecordTest" time="0.001"/>
  <testcase name="testChecksum[30]" classname="org.apache.kafka.common.record.RecordTest" time="0.013"/>
  <testcase name="testEquality[30]" classname="org.apache.kafka.common.record.RecordTest" time="0.0"/>
  <testcase name="testFields[31]" classname="org.apache.kafka.common.record.RecordTest" time="0.0"/>
  <testcase name="testChecksum[31]" classname="org.apache.kafka.common.record.RecordTest" time="0.011"/>
  <testcase name="testEquality[31]" classname="org.apache.kafka.common.record.RecordTest" time="0.0"/>
  <testcase name="testFields[32]" classname="org.apache.kafka.common.record.RecordTest" time="0.002"/>
  <testcase name="testChecksum[32]" classname="org.apache.kafka.common.record.RecordTest" time="0.001"/>
  <testcase name="testEquality[32]" classname="org.apache.kafka.common.record.RecordTest" time="0.001"/>
  <testcase name="testFields[33]" classname="org.apache.kafka.common.record.RecordTest" time="0.0"/>
  <testcase name="testChecksum[33]" classname="org.apache.kafka.common.record.RecordTest" time="0.003"/>
  <testcase name="testEquality[33]" classname="org.apache.kafka.common.record.RecordTest" time="0.001"/>
  <testcase name="testFields[34]" classname="org.apache.kafka.common.record.RecordTest" time="0.0"/>
  <testcase name="testChecksum[34]" classname="org.apache.kafka.common.record.RecordTest" time="0.0"/>
  <testcase name="testEquality[34]" classname="org.apache.kafka.common.record.RecordTest" time="0.0"/>
  <testcase name="testFields[35]" classname="org.apache.kafka.common.record.RecordTest" time="0.0"/>
  <testcase name="testChecksum[35]" classname="org.apache.kafka.common.record.RecordTest" time="0.001"/>
  <testcase name="testEquality[35]" classname="org.apache.kafka.common.record.RecordTest" time="0.004"/>
  <testcase name="testFields[36]" classname="org.apache.kafka.common.record.RecordTest" time="0.0"/>
  <testcase name="testChecksum[36]" classname="org.apache.kafka.common.record.RecordTest" time="0.001"/>
  <testcase name="testEquality[36]" classname="org.apache.kafka.common.record.RecordTest" time="0.001"/>
  <testcase name="testFields[37]" classname="org.apache.kafka.common.record.RecordTest" time="0.0"/>
  <testcase name="testChecksum[37]" classname="org.apache.kafka.common.record.RecordTest" time="0.001"/>
  <testcase name="testEquality[37]" classname="org.apache.kafka.common.record.RecordTest" time="0.0"/>
  <testcase name="testFields[38]" classname="org.apache.kafka.common.record.RecordTest" time="0.001"/>
  <testcase name="testChecksum[38]" classname="org.apache.kafka.common.record.RecordTest" time="0.0"/>
  <testcase name="testEquality[38]" classname="org.apache.kafka.common.record.RecordTest" time="0.0"/>
  <testcase name="testFields[39]" classname="org.apache.kafka.common.record.RecordTest" time="0.001"/>
  <testcase name="testChecksum[39]" classname="org.apache.kafka.common.record.RecordTest" time="0.001"/>
  <testcase name="testEquality[39]" classname="org.apache.kafka.common.record.RecordTest" time="0.0"/>
  <testcase name="testFields[40]" classname="org.apache.kafka.common.record.RecordTest" time="0.001"/>
  <testcase name="testChecksum[40]" classname="org.apache.kafka.common.record.RecordTest" time="0.001"/>
  <testcase name="testEquality[40]" classname="org.apache.kafka.common.record.RecordTest" time="0.001"/>
  <testcase name="testFields[41]" classname="org.apache.kafka.common.record.RecordTest" time="0.001"/>
  <testcase name="testChecksum[41]" classname="org.apache.kafka.common.record.RecordTest" time="0.0"/>
  <testcase name="testEquality[41]" classname="org.apache.kafka.common.record.RecordTest" time="0.001"/>
  <testcase name="testFields[42]" classname="org.apache.kafka.common.record.RecordTest" time="0.0"/>
  <testcase name="testChecksum[42]" classname="org.apache.kafka.common.record.RecordTest" time="0.001"/>
  <testcase name="testEquality[42]" classname="org.apache.kafka.common.record.RecordTest" time="0.001"/>
  <testcase name="testFields[43]" classname="org.apache.kafka.common.record.RecordTest" time="0.001"/>
  <testcase name="testChecksum[43]" classname="org.apache.kafka.common.record.RecordTest" time="0.001"/>
  <testcase name="testEquality[43]" classname="org.apache.kafka.common.record.RecordTest" time="0.0"/>
  <testcase name="testFields[44]" classname="org.apache.kafka.common.record.RecordTest" time="0.0"/>
  <testcase name="testChecksum[44]" classname="org.apache.kafka.common.record.RecordTest" time="0.017"/>
  <testcase name="testEquality[44]" classname="org.apache.kafka.common.record.RecordTest" time="0.0"/>
  <testcase name="testFields[45]" classname="org.apache.kafka.common.record.RecordTest" time="0.0"/>
  <testcase name="testChecksum[45]" classname="org.apache.kafka.common.record.RecordTest" time="0.021"/>
  <testcase name="testEquality[45]" classname="org.apache.kafka.common.record.RecordTest" time="0.001"/>
  <testcase name="testFields[46]" classname="org.apache.kafka.common.record.RecordTest" time="0.0"/>
  <testcase name="testChecksum[46]" classname="org.apache.kafka.common.record.RecordTest" time="0.013"/>
  <testcase name="testEquality[46]" classname="org.apache.kafka.common.record.RecordTest" time="0.003"/>
  <testcase name="testFields[47]" classname="org.apache.kafka.common.record.RecordTest" time="0.001"/>
  <testcase name="testChecksum[47]" classname="org.apache.kafka.common.record.RecordTest" time="0.01"/>
  <testcase name="testEquality[47]" classname="org.apache.kafka.common.record.RecordTest" time="0.0"/>
  <testcase name="testFields[48]" classname="org.apache.kafka.common.record.RecordTest" time="0.001"/>
  <testcase name="testChecksum[48]" classname="org.apache.kafka.common.record.RecordTest" time="0.019"/>
  <testcase name="testEquality[48]" classname="org.apache.kafka.common.record.RecordTest" time="0.0"/>
  <testcase name="testFields[49]" classname="org.apache.kafka.common.record.RecordTest" time="0.0"/>
  <testcase name="testChecksum[49]" classname="org.apache.kafka.common.record.RecordTest" time="0.015"/>
  <testcase name="testEquality[49]" classname="org.apache.kafka.common.record.RecordTest" time="0.0"/>
  <testcase name="testFields[50]" classname="org.apache.kafka.common.record.RecordTest" time="0.001"/>
  <testcase name="testChecksum[50]" classname="org.apache.kafka.common.record.RecordTest" time="0.021"/>
  <testcase name="testEquality[50]" classname="org.apache.kafka.common.record.RecordTest" time="0.0"/>
  <testcase name="testFields[51]" classname="org.apache.kafka.common.record.RecordTest" time="0.0"/>
  <testcase name="testChecksum[51]" classname="org.apache.kafka.common.record.RecordTest" time="0.01"/>
  <testcase name="testEquality[51]" classname="org.apache.kafka.common.record.RecordTest" time="0.0"/>
  <testcase name="testFields[52]" classname="org.apache.kafka.common.record.RecordTest" time="0.0"/>
  <testcase name="testChecksum[52]" classname="org.apache.kafka.common.record.RecordTest" time="0.01"/>
  <testcase name="testEquality[52]" classname="org.apache.kafka.common.record.RecordTest" time="0.0"/>
  <testcase name="testFields[53]" classname="org.apache.kafka.common.record.RecordTest" time="0.001"/>
  <testcase name="testChecksum[53]" classname="org.apache.kafka.common.record.RecordTest" time="0.015"/>
  <testcase name="testEquality[53]" classname="org.apache.kafka.common.record.RecordTest" time="0.0"/>
  <testcase name="testFields[54]" classname="org.apache.kafka.common.record.RecordTest" time="0.003"/>
  <testcase name="testChecksum[54]" classname="org.apache.kafka.common.record.RecordTest" time="0.011"/>
  <testcase name="testEquality[54]" classname="org.apache.kafka.common.record.RecordTest" time="0.0"/>
  <testcase name="testFields[55]" classname="org.apache.kafka.common.record.RecordTest" time="0.001"/>
  <testcase name="testChecksum[55]" classname="org.apache.kafka.common.record.RecordTest" time="0.011"/>
  <testcase name="testEquality[55]" classname="org.apache.kafka.common.record.RecordTest" time="0.0"/>
  <testcase name="testFields[56]" classname="org.apache.kafka.common.record.RecordTest" time="0.0"/>
  <testcase name="testChecksum[56]" classname="org.apache.kafka.common.record.RecordTest" time="0.008"/>
  <testcase name="testEquality[56]" classname="org.apache.kafka.common.record.RecordTest" time="0.0"/>
  <testcase name="testFields[57]" classname="org.apache.kafka.common.record.RecordTest" time="0.0"/>
  <testcase name="testChecksum[57]" classname="org.apache.kafka.common.record.RecordTest" time="0.01"/>
  <testcase name="testEquality[57]" classname="org.apache.kafka.common.record.RecordTest" time="0.0"/>
  <testcase name="testFields[58]" classname="org.apache.kafka.common.record.RecordTest" time="0.0"/>
  <testcase name="testChecksum[58]" classname="org.apache.kafka.common.record.RecordTest" time="0.02"/>
  <testcase name="testEquality[58]" classname="org.apache.kafka.common.record.RecordTest" time="0.001"/>
  <testcase name="testFields[59]" classname="org.apache.kafka.common.record.RecordTest" time="0.002"/>
  <testcase name="testChecksum[59]" classname="org.apache.kafka.common.record.RecordTest" time="0.01"/>
  <testcase name="testEquality[59]" classname="org.apache.kafka.common.record.RecordTest" time="0.002"/>
  <testcase name="testFields[60]" classname="org.apache.kafka.common.record.RecordTest" time="0.001"/>
  <testcase name="testChecksum[60]" classname="org.apache.kafka.common.record.RecordTest" time="0.026"/>
  <testcase name="testEquality[60]" classname="org.apache.kafka.common.record.RecordTest" time="0.0"/>
  <testcase name="testFields[61]" classname="org.apache.kafka.common.record.RecordTest" time="0.002"/>
  <testcase name="testChecksum[61]" classname="org.apache.kafka.common.record.RecordTest" time="0.027"/>
  <testcase name="testEquality[61]" classname="org.apache.kafka.common.record.RecordTest" time="0.0"/>
  <testcase name="testFields[62]" classname="org.apache.kafka.common.record.RecordTest" time="0.001"/>
  <testcase name="testChecksum[62]" classname="org.apache.kafka.common.record.RecordTest" time="0.022"/>
  <testcase name="testEquality[62]" classname="org.apache.kafka.common.record.RecordTest" time="0.001"/>
  <testcase name="testFields[63]" classname="org.apache.kafka.common.record.RecordTest" time="0.001"/>
  <testcase name="testChecksum[63]" classname="org.apache.kafka.common.record.RecordTest" time="0.024"/>
  <testcase name="testEquality[63]" classname="org.apache.kafka.common.record.RecordTest" time="0.0"/>
  <system-out><![CDATA[]]></system-out>
  <system-err><![CDATA[]]></system-err>
</testsuite>
