<?xml version="1.0" encoding="UTF-8"?>
<testsuite name="org.apache.kafka.clients.NetworkClientTest" tests="3" skipped="0" failures="0" errors="0" timestamp="2015-03-27T21:35:04" hostname="airbears2-10-142-35-31.AirBears2.1918.Berkeley.EDU" time="0.028">
  <properties/>
  <testcase name="testSendToUnreadyNode" classname="org.apache.kafka.clients.NetworkClientTest" time="0.018"/>
  <testcase name="testReadyAndDisconnect" classname="org.apache.kafka.clients.NetworkClientTest" time="0.004"/>
  <testcase name="testSimpleRequestResponse" classname="org.apache.kafka.clients.NetworkClientTest" time="0.006"/>
  <system-out><![CDATA[]]></system-out>
  <system-err><![CDATA[]]></system-err>
</testsuite>
