<?xml version="1.0" encoding="UTF-8"?>
<testsuite name="org.apache.kafka.clients.consumer.internals.SubscriptionStateTest" tests="3" skipped="0" failures="0" errors="0" timestamp="2015-03-27T21:35:05" hostname="airbears2-10-142-35-31.AirBears2.1918.Berkeley.EDU" time="0.002">
  <properties/>
  <testcase name="partitionSubscription" classname="org.apache.kafka.clients.consumer.internals.SubscriptionStateTest" time="0.0"/>
  <testcase name="cantChangeFetchPositionForNonAssignedPartition" classname="org.apache.kafka.clients.consumer.internals.SubscriptionStateTest" time="0.0"/>
  <testcase name="cantChangeConsumedPositionForNonAssignedPartition" classname="org.apache.kafka.clients.consumer.internals.SubscriptionStateTest" time="0.001"/>
  <system-out><![CDATA[]]></system-out>
  <system-err><![CDATA[]]></system-err>
</testsuite>
