<?xml version="1.0" encoding="UTF-8"?>
<testsuite name="org.apache.kafka.clients.producer.RecordSendTest" tests="3" skipped="0" failures="0" errors="0" timestamp="2015-03-27T21:35:05" hostname="airbears2-10-142-35-31.AirBears2.1918.Berkeley.EDU" time="0.114">
  <properties/>
  <testcase name="testTimeout" classname="org.apache.kafka.clients.producer.RecordSendTest" time="0.007"/>
  <testcase name="testError" classname="org.apache.kafka.clients.producer.RecordSendTest" time="0.054"/>
  <testcase name="testBlocking" classname="org.apache.kafka.clients.producer.RecordSendTest" time="0.053"/>
  <system-out><![CDATA[]]></system-out>
  <system-err><![CDATA[]]></system-err>
</testsuite>
