<?xml version="1.0" encoding="UTF-8"?>
<testsuite name="org.apache.kafka.clients.consumer.internals.CoordinatorTest" tests="10" skipped="0" failures="0" errors="0" timestamp="2015-03-27T21:35:04" hostname="airbears2-10-142-35-31.AirBears2.1918.Berkeley.EDU" time="0.07">
  <properties/>
  <testcase name="testNormalHeartbeat" classname="org.apache.kafka.clients.consumer.internals.CoordinatorTest" time="0.028"/>
  <testcase name="testCoordinatorNotAvailable" classname="org.apache.kafka.clients.consumer.internals.CoordinatorTest" time="0.002"/>
  <testcase name="testNotCoordinator" classname="org.apache.kafka.clients.consumer.internals.CoordinatorTest" time="0.001"/>
  <testcase name="testIllegalGeneration" classname="org.apache.kafka.clients.consumer.internals.CoordinatorTest" time="0.002"/>
  <testcase name="testCoordinatorDisconnect" classname="org.apache.kafka.clients.consumer.internals.CoordinatorTest" time="0.003"/>
  <testcase name="testNormalJoinGroup" classname="org.apache.kafka.clients.consumer.internals.CoordinatorTest" time="0.004"/>
  <testcase name="testReJoinGroup" classname="org.apache.kafka.clients.consumer.internals.CoordinatorTest" time="0.003"/>
  <testcase name="testCommitOffsetNormal" classname="org.apache.kafka.clients.consumer.internals.CoordinatorTest" time="0.005"/>
  <testcase name="testCommitOffsetError" classname="org.apache.kafka.clients.consumer.internals.CoordinatorTest" time="0.004"/>
  <testcase name="testFetchOffset" classname="org.apache.kafka.clients.consumer.internals.CoordinatorTest" time="0.006"/>
  <system-out><![CDATA[]]></system-out>
  <system-err><![CDATA[]]></system-err>
</testsuite>
