<?xml version="1.0" encoding="UTF-8"?>
<testsuite name="org.apache.kafka.clients.consumer.internals.FetcherTest" tests="3" skipped="0" failures="0" errors="0" timestamp="2015-03-27T21:35:05" hostname="airbears2-10-142-35-31.AirBears2.1918.Berkeley.EDU" time="0.027">
  <properties/>
  <testcase name="testFetchNormal" classname="org.apache.kafka.clients.consumer.internals.FetcherTest" time="0.02"/>
  <testcase name="testFetchFailed" classname="org.apache.kafka.clients.consumer.internals.FetcherTest" time="0.004"/>
  <testcase name="testFetchOutOfRange" classname="org.apache.kafka.clients.consumer.internals.FetcherTest" time="0.001"/>
  <system-out><![CDATA[]]></system-out>
  <system-err><![CDATA[]]></system-err>
</testsuite>
