<?xml version="1.0" encoding="UTF-8"?>
<testsuite name="org.apache.kafka.common.record.MemoryRecordsTest" tests="4" skipped="0" failures="0" errors="0" timestamp="2015-03-27T21:35:06" hostname="airbears2-10-142-35-31.AirBears2.1918.Berkeley.EDU" time="0.052">
  <properties/>
  <testcase name="testIterator[0]" classname="org.apache.kafka.common.record.MemoryRecordsTest" time="0.0"/>
  <testcase name="testIterator[1]" classname="org.apache.kafka.common.record.MemoryRecordsTest" time="0.008"/>
  <testcase name="testIterator[2]" classname="org.apache.kafka.common.record.MemoryRecordsTest" time="0.024"/>
  <testcase name="testIterator[3]" classname="org.apache.kafka.common.record.MemoryRecordsTest" time="0.018"/>
  <system-out><![CDATA[]]></system-out>
  <system-err><![CDATA[]]></system-err>
</testsuite>
