<?xml version="1.0" encoding="UTF-8"?>
<testsuite name="org.apache.kafka.clients.producer.MockProducerTest" tests="2" skipped="0" failures="0" errors="0" timestamp="2015-03-27T21:35:05" hostname="airbears2-10-142-35-31.AirBears2.1918.Berkeley.EDU" time="0.005">
  <properties/>
  <testcase name="testAutoCompleteMock" classname="org.apache.kafka.clients.producer.MockProducerTest" time="0.005"/>
  <testcase name="testManualCompletion" classname="org.apache.kafka.clients.producer.MockProducerTest" time="0.0"/>
  <system-out><![CDATA[]]></system-out>
  <system-err><![CDATA[]]></system-err>
</testsuite>
