<?xml version="1.0" encoding="UTF-8"?>
<testsuite name="org.apache.kafka.clients.producer.ProducerRecordTest" tests="1" skipped="0" failures="0" errors="0" timestamp="2015-03-27T21:35:05" hostname="airbears2-10-142-35-31.AirBears2.1918.Berkeley.EDU" time="0.0">
  <properties/>
  <testcase name="testEqualsAndHashCode" classname="org.apache.kafka.clients.producer.ProducerRecordTest" time="0.0"/>
  <system-out><![CDATA[]]></system-out>
  <system-err><![CDATA[]]></system-err>
</testsuite>
