<?xml version="1.0" encoding="UTF-8"?>
<testsuite name="org.apache.kafka.clients.ClientUtilsTest" tests="2" skipped="0" failures="0" errors="0" timestamp="2015-03-27T21:35:02" hostname="airbears2-10-142-35-31.AirBears2.1918.Berkeley.EDU" time="0.102">
  <properties/>
  <testcase name="testParseAndValidateAddresses" classname="org.apache.kafka.clients.ClientUtilsTest" time="0.101"/>
  <testcase name="testNoPort" classname="org.apache.kafka.clients.ClientUtilsTest" time="0.0"/>
  <system-out><![CDATA[]]></system-out>
  <system-err><![CDATA[]]></system-err>
</testsuite>
