<?xml version="1.0" encoding="UTF-8"?>
<testsuite name="org.apache.kafka.common.metrics.stats.HistogramTest" tests="3" skipped="0" failures="0" errors="0" timestamp="2015-03-27T21:35:06" hostname="airbears2-10-142-35-31.AirBears2.1918.Berkeley.EDU" time="0.006">
  <properties/>
  <testcase name="testHistogram" classname="org.apache.kafka.common.metrics.stats.HistogramTest" time="0.001"/>
  <testcase name="testConstantBinScheme" classname="org.apache.kafka.common.metrics.stats.HistogramTest" time="0.0"/>
  <testcase name="testLinearBinScheme" classname="org.apache.kafka.common.metrics.stats.HistogramTest" time="0.001"/>
  <system-out><![CDATA[]]></system-out>
  <system-err><![CDATA[]]></system-err>
</testsuite>
