<?xml version="1.0" encoding="UTF-8"?>
<testsuite name="org.apache.kafka.common.utils.CrcTest" tests="2" skipped="0" failures="0" errors="0" timestamp="2015-03-27T21:35:07" hostname="airbears2-10-142-35-31.AirBears2.1918.Berkeley.EDU" time="0.001">
  <properties/>
  <testcase name="testUpdateInt" classname="org.apache.kafka.common.utils.CrcTest" time="0.0"/>
  <testcase name="testUpdate" classname="org.apache.kafka.common.utils.CrcTest" time="0.001"/>
  <system-out><![CDATA[]]></system-out>
  <system-err><![CDATA[]]></system-err>
</testsuite>
