<?xml version="1.0" encoding="UTF-8"?>
<testsuite name="org.apache.kafka.clients.MetadataTest" tests="2" skipped="0" failures="0" errors="0" timestamp="2015-03-27T21:35:02" hostname="airbears2-10-142-35-31.AirBears2.1918.Berkeley.EDU" time="2.051">
  <properties/>
  <testcase name="testMetadata" classname="org.apache.kafka.clients.MetadataTest" time="0.049"/>
  <testcase name="testMetadataUpdateWaitTime" classname="org.apache.kafka.clients.MetadataTest" time="2.001"/>
  <system-out><![CDATA[]]></system-out>
  <system-err><![CDATA[]]></system-err>
</testsuite>
